2023-05-14 08:05:187 INFO  HomePage :61 - mouse hover on desktoplink and click.
2023-05-14 08:05:360 INFO  HomePage :46 - Selecting a topMenu: Show AllDesktops
2023-05-14 08:05:338 INFO  DesktopsPage :28 - Selection of sort by position Name: Z to A[[ChromeDriver: chrome on WINDOWS (ba2ec4d23cb5f14d520e43cb9d55541e)] -> id: input-sort]
2023-05-14 08:05:638 INFO  HomePage :61 - mouse hover on desktoplink and click.
2023-05-14 08:05:788 INFO  HomePage :46 - Selecting a topMenu: Show AllDesktops
2023-05-14 08:05:863 INFO  HomePage :66 - Getting text from: [[ChromeDriver: chrome on WINDOWS (39fae50af36826c34424d22c98ebc9c6)] -> xpath: //h2[contains(text(),'Desktops')]]
2023-05-14 09:05:521 INFO  HomePage :61 - mouse hover on desktoplink and click.
2023-05-14 09:05:685 INFO  HomePage :46 - Selecting a topMenu: Show AllDesktops
2023-05-14 09:05:796 INFO  DesktopsPage :28 - Selection of sort by position Name: Z to A[[ChromeDriver: chrome on WINDOWS (a8b11d008c91b5574f1fdfdfea164456)] -> id: input-sort]
2023-05-14 09:05:808 INFO  DesktopsPage :29 - Selection of sort by position Name: Z to A              
              
              
              Default
              
              
              
              Name (A - Z)
              
              
              
              Name (Z - A)
              
              
              
              Price (Low > High)
              
              
              
              Price (High > Low)
              
              
              
              Rating (Highest)
              
              
              
              Rating (Lowest)
              
              
              
              Model (A - Z)
              
              
              
              Model (Z - A)
            
            
            
            
2023-05-14 09:05:819 INFO  DesktopsPage :30 - Selection of sort by position Name: Z to Afalse
2023-05-14 09:05:523 INFO  HomePage :61 - mouse hover on desktoplink and click.
2023-05-14 09:05:718 INFO  HomePage :46 - Selecting a topMenu: Show AllDesktops
2023-05-14 09:05:765 INFO  HomePage :66 - Getting text from: [[ChromeDriver: chrome on WINDOWS (4a6b9611fe849949dc0da7ae41a62fdc)] -> xpath: //h2[contains(text(),'Desktops')]]
2023-05-14 09:05:424 INFO  HomePage :61 - mouse hover on desktoplink and click.
2023-05-14 09:05:594 INFO  HomePage :46 - Selecting a topMenu: Show AllDesktops
2023-05-14 09:05:707 INFO  DesktopsPage :27 - Selection of sort by position Name: Z to A[[ChromeDriver: chrome on WINDOWS (9096c86f99ff7e5979b4d3f0ca1f4f5e)] -> id: input-sort]
2023-05-14 09:05:112 INFO  HomePage :61 - mouse hover on desktoplink and click.
2023-05-14 09:05:270 INFO  HomePage :46 - Selecting a topMenu: Show AllDesktops
2023-05-14 09:05:267 INFO  DesktopsPage :33 - Selection of sort by position Name: Z to A[[ChromeDriver: chrome on WINDOWS (677e817b8d32a90bccc8d9053dc32924)] -> id: input-sort]
2023-05-14 09:05:437 INFO  HomePage :61 - mouse hover on desktoplink and click.
2023-05-14 09:05:608 INFO  HomePage :46 - Selecting a topMenu: Show AllDesktops
2023-05-14 09:05:705 INFO  DesktopsPage :33 - Selection of sort by position Name: Z to A[[ChromeDriver: chrome on WINDOWS (6a4f398f003a969b3355dbd6bbc42aa5)] -> id: input-sort]
2023-05-14 09:05:810 INFO  HomePage :61 - mouse hover on desktoplink and click.
2023-05-14 09:05:975 INFO  HomePage :46 - Selecting a topMenu: Show AllDesktops
2023-05-14 09:05:22 INFO  DesktopsPage :33 - Selection of sort by position Name: Z to A[[ChromeDriver: chrome on WINDOWS (549530f83af7ef866891623980200cbb)] -> id: input-sort]
2023-05-14 10:05:00 INFO  HomePage :61 - mouse hover on desktoplink and click.
2023-05-14 10:05:167 INFO  HomePage :46 - Selecting a topMenu: Show AllDesktops
2023-05-14 10:05:227 INFO  DesktopsPage :41 - Selection of sort by position Name: Z to A[[ChromeDriver: chrome on WINDOWS (5de46a5161031776e3cc2569039e35a6)] -> id: input-sort]
2023-05-14 10:05:63 INFO  HomePage :61 - mouse hover on desktoplink and click.
2023-05-14 10:05:234 INFO  HomePage :46 - Selecting a topMenu: Show AllDesktops
2023-05-14 10:05:260 INFO  DesktopsPage :41 - Selection of sort by position Name: Z to A[[ChromeDriver: chrome on WINDOWS (eb3bacde35355edd9e17a110b827dd91)] -> id: input-sort]
2023-05-14 10:05:912 INFO  HomePage :61 - mouse hover on desktoplink and click.
2023-05-14 10:05:78 INFO  HomePage :46 - Selecting a topMenu: Show AllDesktops
2023-05-14 10:05:162 INFO  DesktopsPage :41 - Selection of sort by position Name: Z to A[[ChromeDriver: chrome on WINDOWS (1d2e77d1faff2a1f16fa49a48a690f96)] -> id: input-sort]
2023-05-14 10:05:925 INFO  HomePage :61 - mouse hover on desktoplink and click.
2023-05-14 10:05:91 INFO  HomePage :46 - Selecting a topMenu: Show AllDesktops
2023-05-14 10:05:143 INFO  DesktopsPage :41 - Selection of sort by position Name: Z to A[[ChromeDriver: chrome on WINDOWS (d4b6573a4b170f2b36cf0da7618ce681)] -> id: input-sort]
2023-05-14 10:05:383 INFO  HomePage :61 - mouse hover on desktoplink and click.
2023-05-14 10:05:550 INFO  HomePage :46 - Selecting a topMenu: Show AllDesktops
2023-05-14 10:05:529 INFO  DesktopsPage :41 - Selection of sort by position Name: Z to A[[ChromeDriver: chrome on WINDOWS (e56e178494f8951d31a260c26146851f)] -> id: input-sort]
2023-05-14 10:05:891 INFO  HomePage :61 - mouse hover on desktoplink and click.
2023-05-14 10:05:73 INFO  HomePage :46 - Selecting a topMenu: Show AllDesktops
2023-05-14 10:05:109 INFO  DesktopsPage :41 - Selection of sort by position Name: Z to A[[ChromeDriver: chrome on WINDOWS (a666de13f9c37c9d637211e1e49d4984)] -> id: input-sort]
2023-05-14 10:05:247 INFO  HomePage :61 - mouse hover on desktoplink and click.
2023-05-14 10:05:402 INFO  HomePage :46 - Selecting a topMenu: Show AllDesktops
2023-05-14 10:05:789 INFO  DesktopsPage :41 - Selection of sort by position Name: Z to A[[ChromeDriver: chrome on WINDOWS (9dde38bb2c1a026adf0bb900c4776b13)] -> id: input-sort]
2023-05-14 10:05:09 INFO  HomePage :61 - mouse hover on desktoplink and click.
2023-05-14 10:05:195 INFO  HomePage :46 - Selecting a topMenu: Show AllDesktops
2023-05-14 10:05:372 INFO  DesktopsPage :41 - Selection of sort by position Name: Z to A[[ChromeDriver: chrome on WINDOWS (b61ccff2a29dc6eb5ca5598d8b1f38ab)] -> id: input-sort]
2023-05-14 10:05:313 INFO  HomePage :61 - mouse hover on desktoplink and click.
2023-05-14 10:05:477 INFO  HomePage :46 - Selecting a topMenu: Show AllDesktops
2023-05-14 10:05:549 INFO  DesktopsPage :41 - Selection of sort by position Name: Z to A[[ChromeDriver: chrome on WINDOWS (b7b0e8e7ffc51e654186c509871a7dd5)] -> id: input-sort]
2023-05-14 10:05:400 INFO  HomePage :61 - mouse hover on desktoplink and click.
2023-05-14 10:05:582 INFO  HomePage :46 - Selecting a topMenu: Show AllDesktops
2023-05-14 10:05:643 INFO  DesktopsPage :41 - Selection of sort by position Name: Z to A[[ChromeDriver: chrome on WINDOWS (a4674dedad853730ef48a1c2e14a4f94)] -> id: input-sort]
2023-05-14 10:05:189 INFO  HomePage :61 - mouse hover on desktoplink and click.
2023-05-14 10:05:351 INFO  HomePage :46 - Selecting a topMenu: Show AllDesktops
2023-05-14 10:05:400 INFO  DesktopsPage :41 - Selection of sort by position Name: Z to A[[ChromeDriver: chrome on WINDOWS (df582bf6c0643bd1c191cf3afdd8105e)] -> id: input-sort]
2023-05-14 10:05:540 INFO  HomePage :61 - mouse hover on desktoplink and click.
2023-05-14 10:05:703 INFO  HomePage :46 - Selecting a topMenu: Show AllDesktops
2023-05-14 10:05:726 INFO  DesktopsPage :41 - Selection of sort by position Name: Z to A[[ChromeDriver: chrome on WINDOWS (0be5a3d86e1eab2638e0cbcf4ba33507)] -> id: input-sort]
2023-05-14 10:05:241 INFO  HomePage :61 - mouse hover on desktoplink and click.
2023-05-14 10:05:412 INFO  HomePage :46 - Selecting a topMenu: Show AllDesktops
2023-05-14 10:05:493 INFO  DesktopsPage :41 - Selection of sort by position Name: Z to A[[ChromeDriver: chrome on WINDOWS (af1cb05e5bfa6b2b668942052e0d82f1)] -> id: input-sort]
2023-05-14 10:05:03 INFO  HomePage :61 - mouse hover on desktoplink and click.
2023-05-14 10:05:171 INFO  HomePage :46 - Selecting a topMenu: Show AllDesktops
2023-05-14 10:05:199 INFO  DesktopsPage :41 - Selection of sort by position Name: Z to A[[ChromeDriver: chrome on WINDOWS (0e66c652f52eaaa11e2b2ffbac4e56f7)] -> id: input-sort]
2023-05-14 10:05:665 INFO  DesktopsPage :46 - Displaying products in descending order
2023-05-14 10:05:190 INFO  HomePage :61 - mouse hover on desktoplink and click.
2023-05-14 10:05:380 INFO  HomePage :46 - Selecting a topMenu: Show AllDesktops
2023-05-14 10:05:405 INFO  DesktopsPage :41 - Selection of sort by position Name: Z to A[[ChromeDriver: chrome on WINDOWS (7163d23abea87608413bc637eeb890a5)] -> id: input-sort]
2023-05-14 10:05:882 INFO  DesktopsPage :46 - Displaying products in descending order
2023-05-14 10:05:13 INFO  HomePage :61 - mouse hover on desktoplink and click.
2023-05-14 10:05:171 INFO  HomePage :46 - Selecting a topMenu: Show AllDesktops
2023-05-14 10:05:259 INFO  DesktopsPage :41 - Selection of sort by position Name: Z to A[[ChromeDriver: chrome on WINDOWS (ea765e201d81a7d65d7ada26a7ee298e)] -> id: input-sort]
2023-05-14 10:05:769 INFO  DesktopsPage :46 - Displaying products in descending order
2023-05-14 10:05:599 INFO  HomePage :61 - mouse hover on desktoplink and click.
2023-05-14 10:05:820 INFO  HomePage :46 - Selecting a topMenu: Show AllDesktops
2023-05-14 10:05:389 INFO  DesktopsPage :41 - Selection of sort by position Name: Z to A[[ChromeDriver: chrome on WINDOWS (c7861c94111f91200937ad6ac2f5a408)] -> id: input-sort]
2023-05-14 10:05:932 INFO  DesktopsPage :46 - Displaying products in descending order
2023-05-14 10:05:269 INFO  HomePage :61 - mouse hover on desktoplink and click.
2023-05-14 10:05:436 INFO  HomePage :46 - Selecting a topMenu: Show AllDesktops
2023-05-14 10:05:521 INFO  DesktopsPage :41 - Selection of sort by position Name: Z to A[[ChromeDriver: chrome on WINDOWS (15fcee98ccc868faf42252b5ba2f7f62)] -> id: input-sort]
2023-05-14 10:05:36 INFO  DesktopsPage :46 - Displaying products in descending order
2023-05-14 10:05:349 INFO  HomePage :61 - mouse hover on desktoplink and click.
2023-05-14 10:05:507 INFO  HomePage :46 - Selecting a topMenu: Show AllDesktops
2023-05-14 10:05:560 INFO  DesktopsPage :41 - Selection of sort by position Name: Z to A[[ChromeDriver: chrome on WINDOWS (b78de7fa81454724eda3f599364dbbd8)] -> id: input-sort]
2023-05-14 10:05:908 INFO  HomePage :61 - mouse hover on desktoplink and click.
2023-05-14 10:05:80 INFO  HomePage :46 - Selecting a topMenu: Show AllDesktops
2023-05-14 10:05:163 INFO  DesktopsPage :41 - Selection of sort by position Name: Z to A[[ChromeDriver: chrome on WINDOWS (53ba0c3b572e50ea774563b9aff4a8d5)] -> id: input-sort]
2023-05-14 11:05:14 INFO  HomePage :61 - mouse hover on desktoplink and click.
2023-05-14 11:05:188 INFO  HomePage :46 - Selecting a topMenu: Show AllDesktops
2023-05-14 11:05:312 INFO  DesktopsPage :41 - Selection of sort by position Name: Z to A[[ChromeDriver: chrome on WINDOWS (1c314c725a3b409e47ac50c80ced8bcb)] -> id: input-sort]
2023-05-14 11:05:688 INFO  HomePage :61 - mouse hover on desktoplink and click.
2023-05-14 11:05:847 INFO  HomePage :46 - Selecting a topMenu: Show AllDesktops
2023-05-14 11:05:899 INFO  DesktopsPage :50 - Selection of sort by position Name: Z to A[[ChromeDriver: chrome on WINDOWS (2285806a44ffa78f7cc004fcee16c26c)] -> id: input-sort]
2023-05-14 11:05:03 INFO  HomePage :71 - mouse hover on laptopsAndNotebooksLink and click.
2023-05-14 11:05:165 INFO  HomePage :46 - Selecting a topMenu: Show AllLaptops & Notebooks
2023-05-14 11:05:960 INFO  HomePage :76 - Getting text from: [[ChromeDriver: chrome on WINDOWS (1314c1134fb1f4e898a3d506f0f5c6f8)] -> xpath: //h2[contains(text(),'Laptops & Notebooks')]]
2023-05-14 11:05:542 INFO  HomePage :61 - mouse hover on desktoplink and click.
2023-05-14 11:05:704 INFO  HomePage :46 - Selecting a topMenu: Show AllDesktops
2023-05-14 11:05:838 INFO  DesktopsPage :98 - Selection of sort by position Name: Z to A[[ChromeDriver: chrome on WINDOWS (938bdfe11762c5c09719953c92c3ab48)] -> id: input-sort]
2023-05-14 11:05:713 INFO  HomePage :71 - mouse hover on laptopsAndNotebooksLink and click.
2023-05-14 11:05:874 INFO  HomePage :46 - Selecting a topMenu: Show AllLaptops & Notebooks
2023-05-14 11:05:742 INFO  HomePage :76 - Getting text from: [[ChromeDriver: chrome on WINDOWS (d0e32d16dc484021033efe6ed17b1554)] -> xpath: //h2[contains(text(),'Laptops & Notebooks')]]
2023-05-14 11:05:578 INFO  HomePage :61 - mouse hover on desktoplink and click.
2023-05-14 11:05:760 INFO  HomePage :46 - Selecting a topMenu: Show AllDesktops
2023-05-14 11:05:727 INFO  DesktopsPage :105 - Selection of sort by position Name: Z to A[[ChromeDriver: chrome on WINDOWS (4e1d779bd5f9888455ed29f61a8da1a6)] -> id: input-sort]
2023-05-14 11:05:593 INFO  HomePage :71 - mouse hover on laptopsAndNotebooksLink and click.
2023-05-14 11:05:749 INFO  HomePage :46 - Selecting a topMenu: Show AllLaptops & Notebooks
2023-05-14 11:05:424 INFO  HomePage :76 - Getting text from: [[ChromeDriver: chrome on WINDOWS (64e4a16f38e13d14c4194f4d9dba256b)] -> xpath: //h2[contains(text(),'Laptops & Notebooks')]]
2023-05-14 11:05:702 INFO  HomePage :61 - mouse hover on desktoplink and click.
2023-05-14 11:05:881 INFO  HomePage :46 - Selecting a topMenu: Show AllDesktops
2023-05-14 11:05:17 INFO  DesktopsPage :105 - Selection of sort by position Name: Z to A[[ChromeDriver: chrome on WINDOWS (a418286fbb200bc66bbca8ff2f79074c)] -> id: input-sort]
2023-05-14 11:05:554 INFO  DesktopsPage :110 - Displaying products in descending order
2023-05-14 11:05:980 INFO  HomePage :61 - mouse hover on desktoplink and click.
2023-05-14 11:05:127 INFO  HomePage :46 - Selecting a topMenu: Show AllDesktops
2023-05-14 11:05:55 INFO  DesktopsPage :105 - Selection of sort by position Name: Z to A[[ChromeDriver: chrome on WINDOWS (673e22553704a7fc686a6436df0d1a67)] -> id: input-sort]
2023-05-14 11:05:178 INFO  HomePage :61 - mouse hover on desktoplink and click.
2023-05-14 11:05:339 INFO  HomePage :46 - Selecting a topMenu: Show AllDesktops
2023-05-14 11:05:318 INFO  HomePage :66 - Getting text from: [[ChromeDriver: chrome on WINDOWS (011a6eeca36911941b9528f900a7c4cd)] -> xpath: //h2[contains(text(),'Desktops')]]
2023-05-14 11:05:887 INFO  HomePage :71 - mouse hover on laptopsAndNotebooksLink and click.
2023-05-14 11:05:59 INFO  HomePage :46 - Selecting a topMenu: Show AllLaptops & Notebooks
2023-05-14 11:05:882 INFO  HomePage :76 - Getting text from: [[ChromeDriver: chrome on WINDOWS (fa38de8e2c94f80cc1d12505d886eca4)] -> xpath: //h2[contains(text(),'Laptops & Notebooks')]]
2023-05-14 11:05:878 INFO  HomePage :81 - mouse hover on componentsLink and click.
2023-05-14 11:05:32 INFO  HomePage :46 - Selecting a topMenu: Show AllComponents
2023-05-14 11:05:706 INFO  HomePage :86 - Getting text from: [[ChromeDriver: chrome on WINDOWS (bfe5da5893e926d6d3023f69012c5ad1)] -> xpath: //h2[contains(text(),'Components')]]
2023-05-14 11:05:482 INFO  HomePage :61 - mouse hover on desktoplink and click.
2023-05-14 11:05:657 INFO  HomePage :46 - Selecting a topMenu: Show AllDesktops
2023-05-14 11:05:656 INFO  DesktopsPage :122 - Selection of sort by position Name: Z to A[[ChromeDriver: chrome on WINDOWS (b07e2a50899d081d8db6b984a18219ba)] -> id: input-sort]
2023-05-14 12:05:358 INFO  HomePage :61 - mouse hover on desktoplink and click.
2023-05-14 12:05:532 INFO  HomePage :46 - Selecting a topMenu: Show AllDesktops
2023-05-14 12:05:581 INFO  DesktopsPage :122 - Selection of sort by position Name: Z to A[[ChromeDriver: chrome on WINDOWS (4b8cc673d70bca729ec01937aca8fece)] -> id: input-sort]
2023-05-14 12:05:684 INFO  HomePage :61 - mouse hover on desktoplink and click.
2023-05-14 12:05:850 INFO  HomePage :46 - Selecting a topMenu: Show AllDesktops
2023-05-14 12:05:968 INFO  DesktopsPage :164 - Selection of sort by position Name: Z to A[[ChromeDriver: chrome on WINDOWS (5bd0ddd4358705d1f4a81c7dd3ee15f0)] -> id: input-sort]
2023-05-14 12:05:137 INFO  HomePage :61 - mouse hover on desktoplink and click.
2023-05-14 12:05:355 INFO  HomePage :46 - Selecting a topMenu: Show AllDesktops
2023-05-14 12:05:455 INFO  DesktopsPage :164 - Selection of sort by position Name: Z to A[[ChromeDriver: chrome on WINDOWS (d98c573a1f78752e3bc5611453f6acb7)] -> id: input-sort]
2023-05-14 12:05:775 INFO  HomePage :61 - mouse hover on desktoplink and click.
2023-05-14 12:05:948 INFO  HomePage :46 - Selecting a topMenu: Show AllDesktops
2023-05-14 12:05:961 INFO  DesktopsPage :164 - Selection of sort by position Name: Z to A[[ChromeDriver: chrome on WINDOWS (0fb4b9cbcada78ac22a88b7cc25cbc4e)] -> id: input-sort]
2023-05-14 12:05:62 INFO  HomePage :61 - mouse hover on desktoplink and click.
2023-05-14 12:05:248 INFO  HomePage :46 - Selecting a topMenu: Show AllDesktops
2023-05-14 12:05:331 INFO  DesktopsPage :164 - Selection of sort by position Name: Z to A[[ChromeDriver: chrome on WINDOWS (2913f944d5d96a0b8860c88d68ec05ad)] -> id: input-sort]
2023-05-14 12:05:821 INFO  HomePage :61 - mouse hover on desktoplink and click.
2023-05-14 12:05:992 INFO  HomePage :46 - Selecting a topMenu: Show AllDesktops
2023-05-14 12:05:31 INFO  DesktopsPage :164 - Selection of sort by position Name: Z to A[[ChromeDriver: chrome on WINDOWS (bf8c6d5dfabe306cb22c9db90f49aab3)] -> id: input-sort]
2023-05-14 12:05:833 INFO  HomePage :61 - mouse hover on desktoplink and click.
2023-05-14 12:05:08 INFO  HomePage :46 - Selecting a topMenu: Show AllDesktops
2023-05-14 12:05:85 INFO  DesktopsPage :164 - Selection of sort by position Name: Z to A[[ChromeDriver: chrome on WINDOWS (16a7c8abb7c38ebd21cbde83e612a025)] -> id: input-sort]
2023-05-14 12:05:829 INFO  HomePage :61 - mouse hover on desktoplink and click.
2023-05-14 12:05:07 INFO  HomePage :46 - Selecting a topMenu: Show AllDesktops
2023-05-14 12:05:42 INFO  DesktopsPage :164 - Selection of sort by position Name: Z to A[[ChromeDriver: chrome on WINDOWS (8c0ac18a2b0282cbd19844066eb9920b)] -> id: input-sort]
2023-05-14 12:05:185 INFO  HomePage :61 - mouse hover on desktoplink and click.
2023-05-14 12:05:378 INFO  HomePage :46 - Selecting a topMenu: Show AllDesktops
2023-05-14 12:05:390 INFO  DesktopsPage :164 - Selection of sort by position Name: Z to A[[ChromeDriver: chrome on WINDOWS (570cd19100f79162a6ae3f084009d938)] -> id: input-sort]
2023-05-14 12:05:789 INFO  HomePage :61 - mouse hover on desktoplink and click.
2023-05-14 12:05:14 INFO  HomePage :46 - Selecting a topMenu: Show AllDesktops
2023-05-14 12:05:51 INFO  DesktopsPage :164 - Selection of sort by position Name: Z to A[[ChromeDriver: chrome on WINDOWS (900f4dd033bcf83cca4c2302c6f0049a)] -> id: input-sort]
2023-05-14 13:05:875 INFO  HomePage :61 - mouse hover on desktoplink and click.
2023-05-14 13:05:111 INFO  HomePage :46 - Selecting a topMenu: Show AllDesktops
2023-05-14 13:05:316 INFO  DesktopsPage :165 - Selection of sort by position Name: Z to A[[ChromeDriver: chrome on WINDOWS (da063c77632b078ae32ca43e889beaf8)] -> id: input-sort]
2023-05-14 13:05:837 INFO  DesktopsPage :170 - Displaying products in descending order
2023-05-14 13:05:58 INFO  HomePage :61 - mouse hover on desktoplink and click.
2023-05-14 13:05:224 INFO  HomePage :46 - Selecting a topMenu: Show AllDesktops
2023-05-14 13:05:195 INFO  HomePage :66 - Getting text from: [[ChromeDriver: chrome on WINDOWS (ce04833eda6e3415e633e1710ca131bf)] -> xpath: //h2[contains(text(),'Desktops')]]
2023-05-14 13:05:248 INFO  HomePage :71 - mouse hover on laptopsAndNotebooksLink and click.
2023-05-14 13:05:279 INFO  HomePage :61 - mouse hover on desktoplink and click.
2023-05-14 13:05:473 INFO  HomePage :46 - Selecting a topMenu: Show AllDesktops
2023-05-14 13:05:481 INFO  DesktopsPage :165 - Selection of sort by position Name: Z to A[[ChromeDriver: chrome on WINDOWS (10babcad6ad1e851b38abe853d23c9a1)] -> id: input-sort]
2023-05-14 13:05:532 INFO  HomePage :71 - mouse hover on laptopsAndNotebooksLink and click.
2023-05-14 13:05:872 INFO  HomePage :71 - mouse hover on laptopsAndNotebooksLink and click.
2023-05-14 13:05:456 INFO  HomePage :71 - mouse hover on laptopsAndNotebooksLink and click.
2023-05-14 13:05:137 INFO  HomePage :71 - mouse hover on laptopsAndNotebooksLink and click.
2023-05-14 13:05:219 INFO  HomePage :71 - mouse hover on laptopsAndNotebooksLink and click.
2023-05-14 13:05:303 INFO  HomePage :71 - mouse hover on laptopsAndNotebooksLink and click.
2023-05-14 13:05:543 INFO  HomePage :71 - mouse hover on laptopsAndNotebooksLink and click.
2023-05-14 14:05:724 INFO  HomePage :71 - mouse hover on laptopsAndNotebooksLink and click.
2023-05-14 14:05:323 INFO  HomePage :71 - mouse hover on laptopsAndNotebooksLink and click.
2023-05-14 14:05:766 INFO  HomePage :71 - mouse hover on laptopsAndNotebooksLink and click.
2023-05-14 14:05:457 INFO  HomePage :71 - mouse hover on laptopsAndNotebooksLink and click.
2023-05-14 14:05:706 INFO  HomePage :71 - mouse hover on laptopsAndNotebooksLink and click.
2023-05-14 14:05:208 INFO  HomePage :71 - mouse hover on laptopsAndNotebooksLink and click.
2023-05-14 14:05:846 INFO  HomePage :71 - mouse hover on laptopsAndNotebooksLink and click.
2023-05-14 14:05:717 INFO  HomePage :71 - mouse hover on laptopsAndNotebooksLink and click.
2023-05-14 14:05:79 INFO  HomePage :71 - mouse hover on laptopsAndNotebooksLink and click.
2023-05-14 14:05:341 INFO  HomePage :71 - mouse hover on laptopsAndNotebooksLink and click.
2023-05-14 14:05:719 INFO  HomePage :71 - mouse hover on laptopsAndNotebooksLink and click.
2023-05-14 14:05:915 INFO  HomePage :71 - mouse hover on laptopsAndNotebooksLink and click.
2023-05-14 14:05:698 INFO  HomePage :71 - mouse hover on laptopsAndNotebooksLink and click.
2023-05-14 14:05:576 INFO  HomePage :71 - mouse hover on laptopsAndNotebooksLink and click.
2023-05-14 14:05:633 INFO  HomePage :71 - mouse hover on laptopsAndNotebooksLink and click.
2023-05-14 14:05:341 INFO  HomePage :71 - mouse hover on laptopsAndNotebooksLink and click.
2023-05-14 14:05:826 INFO  HomePage :71 - mouse hover on laptopsAndNotebooksLink and click.
2023-05-14 14:05:295 INFO  HomePage :71 - mouse hover on laptopsAndNotebooksLink and click.
2023-05-14 15:05:202 INFO  HomePage :71 - mouse hover on laptopsAndNotebooksLink and click.
2023-05-14 15:05:209 INFO  HomePage :71 - mouse hover on laptopsAndNotebooksLink and click.
2023-05-14 15:05:44 INFO  HomePage :71 - mouse hover on laptopsAndNotebooksLink and click.
2023-05-14 15:05:847 INFO  HomePage :71 - mouse hover on laptopsAndNotebooksLink and click.
2023-05-14 15:05:450 INFO  HomePage :71 - mouse hover on laptopsAndNotebooksLink and click.
2023-05-14 15:05:824 INFO  HomePage :71 - mouse hover on laptopsAndNotebooksLink and click.
2023-05-14 15:05:577 INFO  HomePage :71 - mouse hover on laptopsAndNotebooksLink and click.
2023-05-14 16:05:325 INFO  HomePage :71 - mouse hover on laptopsAndNotebooksLink and click.
2023-05-14 16:05:181 INFO  HomePage :71 - mouse hover on laptopsAndNotebooksLink and click.
2023-05-14 16:05:520 INFO  HomePage :71 - mouse hover on laptopsAndNotebooksLink and click.
2023-05-14 16:05:393 INFO  HomePage :61 - mouse hover on desktoplink and click.
2023-05-14 16:05:570 INFO  HomePage :46 - Selecting a topMenu: Show AllDesktops
2023-05-14 16:05:590 INFO  DesktopsPage :165 - Selection of sort by position Name: Z to A[[ChromeDriver: chrome on WINDOWS (aaa2bd35d84f34f44d60f9b77e9786fc)] -> id: input-sort]
2023-05-14 16:05:99 INFO  DesktopsPage :170 - Displaying products in descending order
2023-05-14 16:05:984 INFO  HomePage :61 - mouse hover on desktoplink and click.
2023-05-14 16:05:151 INFO  HomePage :46 - Selecting a topMenu: Show AllDesktops
2023-05-14 16:05:315 INFO  HomePage :66 - Getting text from: [[ChromeDriver: chrome on WINDOWS (711e458c26bfc9e84e4f890fa3258c47)] -> xpath: //h2[contains(text(),'Desktops')]]
2023-05-14 16:05:544 INFO  HomePage :61 - mouse hover on desktoplink and click.
2023-05-14 16:05:799 INFO  HomePage :46 - Selecting a topMenu: Show AllDesktops
2023-05-14 16:05:899 INFO  DesktopsPage :165 - Selection of sort by position Name: Z to A[[ChromeDriver: chrome on WINDOWS (cc741c5fd542e5ce4007ce8de6561bb8)] -> id: input-sort]
2023-05-14 16:05:423 INFO  DesktopsPage :170 - Displaying products in descending order
2023-05-14 16:05:998 INFO  HomePage :61 - mouse hover on desktoplink and click.
2023-05-14 16:05:173 INFO  HomePage :46 - Selecting a topMenu: Show AllDesktops
2023-05-14 16:05:351 INFO  DesktopsPage :165 - Selection of sort by position Name: Z to A[[ChromeDriver: chrome on WINDOWS (4302e642ad941c7f88afbb545580b68f)] -> id: input-sort]
2023-05-14 16:05:893 INFO  DesktopsPage :170 - Displaying products in descending order
2023-05-14 17:05:746 INFO  HomePage :61 - mouse hover on desktoplink and click.
2023-05-14 17:05:936 INFO  HomePage :46 - Selecting a topMenu: Show AllDesktops
2023-05-14 17:05:935 INFO  DesktopsPage :165 - Selection of sort by position Name: Z to A[[ChromeDriver: chrome on WINDOWS (664638e4d1141aca01176fb1c1ba0f95)] -> id: input-sort]
2023-05-14 17:05:428 INFO  DesktopsPage :170 - Displaying products in descending order
2023-05-14 17:05:127 INFO  HomePage :61 - mouse hover on desktoplink and click.
2023-05-14 17:05:309 INFO  HomePage :46 - Selecting a topMenu: Show AllDesktops
2023-05-14 17:05:414 INFO  DesktopsPage :165 - Selection of sort by position Name: Z to A[[ChromeDriver: chrome on WINDOWS (2fa8e47dc3b9ac2cce428bc2971db557)] -> id: input-sort]
2023-05-14 17:05:899 INFO  DesktopsPage :170 - Displaying products in descending order
2023-05-14 17:05:311 INFO  HomePage :61 - mouse hover on desktoplink and click.
2023-05-14 17:05:488 INFO  HomePage :46 - Selecting a topMenu: Show AllDesktops
2023-05-14 17:05:652 INFO  DesktopsPage :165 - Selection of sort by position Name: Z to A[[ChromeDriver: chrome on WINDOWS (3dac11dcb434588ab8fb99d059073f55)] -> id: input-sort]
2023-05-14 17:05:201 INFO  DesktopsPage :170 - Displaying products in descending order
2023-05-14 19:05:177 INFO  HomePage :61 - mouse hover on desktoplink and click.
2023-05-14 19:05:363 INFO  HomePage :46 - Selecting a topMenu: Show AllDesktops
2023-05-14 19:05:367 INFO  DesktopsPage :178 - Selection of sort by position Name: Z to A[[ChromeDriver: chrome on WINDOWS (1318d564ca2755a2ed3aa684463347f8)] -> id: input-sort]
2023-05-14 19:05:868 INFO  DesktopsPage :168 - click on product HPLP3065
2023-05-14 19:05:155 INFO  DesktopsPage :162 - get Text HPLP3065
2023-05-14 19:05:192 INFO  DesktopsPage :136 - select date from Calender
2023-05-14 19:05:718 INFO  DesktopsPage :126 -  enter Quantity[[ChromeDriver: chrome on WINDOWS (1318d564ca2755a2ed3aa684463347f8)] -> xpath: //input[@id='input-quantity']]
2023-05-14 19:05:799 INFO  DesktopsPage :131 - clicking on add to cart.
2023-05-14 19:05:863 INFO  DesktopsPage :121 - getting shopping cart text
2023-05-14 19:05:188 INFO  DesktopsPage :115 - click on shopping cart
2023-05-14 19:05:831 INFO  DesktopsPage :90 - get shopping cart text
2023-05-14 19:05:869 INFO  DesktopsPage :95 - get product name HPLP3065Text
2023-05-14 19:05:896 INFO  DesktopsPage :100 - verify delivery date
2023-05-14 19:05:922 INFO  DesktopsPage :110 - Verify total
2023-05-14 19:05:945 INFO  DesktopsPage :105 - verify model product21
2023-05-14 19:05:502 INFO  HomePage :61 - mouse hover on desktoplink and click.
2023-05-14 19:05:660 INFO  HomePage :46 - Selecting a topMenu: Show AllDesktops
2023-05-14 19:05:641 INFO  HomePage :66 - Getting text from: [[ChromeDriver: chrome on WINDOWS (5f375dc531895267638b4e48aa2d4909)] -> xpath: //h2[contains(text(),'Desktops')]]
2023-05-14 19:05:612 INFO  HomePage :71 - mouse hover on laptopsAndNotebooksLink and click.
2023-05-14 19:05:772 INFO  LaptopsAndNoteBooksPage :129 - click on show all laptops and notebooks
2023-05-14 19:05:436 INFO  LaptopsAndNoteBooksPage :134 - select sort by high to low
2023-05-14 19:05:936 INFO  LaptopsAndNoteBooksPage :139 - Verify the Product price will arrange in High to Low order before sorting
2023-05-14 19:05:45 INFO  LaptopsAndNoteBooksPage :155 - Verify the Product price will arrange in High to Low order after sorting
2023-05-14 19:05:164 INFO  LoginPage :54 - Selecting my account optionsLogin
2023-05-14 19:05:731 INFO  LoginPage :66 - Getting text Returning Customer” 
2023-05-14 19:05:363 INFO  HomePage :61 - mouse hover on desktoplink and click.
2023-05-14 19:05:546 INFO  HomePage :46 - Selecting a topMenu: Show AllDesktops
2023-05-14 19:05:584 INFO  DesktopsPage :178 - Selection of sort by position Name: Z to A[[ChromeDriver: chrome on WINDOWS (347246d54a797a07ba5982f0fded7f80)] -> id: input-sort]
2023-05-14 19:05:83 INFO  DesktopsPage :183 - Displaying products in descending order
2023-05-14 19:05:514 INFO  HomePage :71 - mouse hover on laptopsAndNotebooksLink and click.
2023-05-14 19:05:675 INFO  HomePage :46 - Selecting a topMenu: Show AllLaptops & Notebooks
2023-05-14 19:05:440 INFO  HomePage :76 - Getting text from: [[ChromeDriver: chrome on WINDOWS (ba018482344f7477188300bb770a7bdf)] -> xpath: //h2[contains(text(),'Laptops & Notebooks')]]
2023-05-14 19:05:523 INFO  HomePage :71 - mouse hover on laptopsAndNotebooksLink and click.
2023-05-14 19:05:685 INFO  LaptopsAndNoteBooksPage :129 - click on show all laptops and notebooks
2023-05-14 19:05:379 INFO  LaptopsAndNoteBooksPage :134 - select sort by high to low
2023-05-14 19:05:905 INFO  LaptopsAndNoteBooksPage :168 - clicking on Macbook.
2023-05-14 19:05:222 INFO  LaptopsAndNoteBooksPage :173 - verify text Macbook
2023-05-14 19:05:257 INFO  LaptopsAndNoteBooksPage :178 - clicking on add to cart.
2023-05-14 19:05:326 INFO  LaptopsAndNoteBooksPage :183 - get added Macbook text
2023-05-14 19:05:631 INFO  LaptopsAndNoteBooksPage :188 - clicking on shopping cart.
2023-05-14 19:05:274 INFO  LaptopsAndNoteBooksPage :193 - Verify text shopping cart 
2023-05-14 19:05:318 INFO  LaptopsAndNoteBooksPage :198 - Verify product name Macbook
2023-05-14 19:05:348 INFO  LaptopsAndNoteBooksPage :203 - change quantity
2023-05-14 19:05:473 INFO  LaptopsAndNoteBooksPage :210 - click on update tab
2023-05-14 19:05:207 INFO  LaptopsAndNoteBooksPage :215 - Verify modified shopping cart
2023-05-14 19:05:244 INFO  LaptopsAndNoteBooksPage :220 - Verify total
2023-05-14 19:05:270 INFO  LaptopsAndNoteBooksPage :225 - clicking on checkout button.
2023-05-14 19:05:721 INFO  LaptopsAndNoteBooksPage :230 - Verify the text checkout
2023-05-14 19:05:768 INFO  LaptopsAndNoteBooksPage :235 - Verify the text Newcustomer
2023-05-14 19:05:799 INFO  LaptopsAndNoteBooksPage :240 - clicking on guest checkout radiobutton.
2023-05-14 19:05:861 INFO  LaptopsAndNoteBooksPage :245 - clicking on continue tab.
2023-05-14 19:05:273 INFO  LaptopsAndNoteBooksPage :250 - Enter fNameJohnto firstName [[ChromeDriver: chrome on WINDOWS (95624e64aca3ff671ebcaed06a659288)] -> id: input-payment-firstname]
2023-05-14 19:05:409 INFO  LaptopsAndNoteBooksPage :255 - Enter lName Smithto lastName  [[ChromeDriver: chrome on WINDOWS (95624e64aca3ff671ebcaed06a659288)] -> id: input-payment-lastname]
2023-05-14 19:05:517 INFO  LaptopsAndNoteBooksPage :260 - Enter emailId john123@gmail.comto email [[ChromeDriver: chrome on WINDOWS (95624e64aca3ff671ebcaed06a659288)] -> id: input-payment-email]
2023-05-14 19:05:641 INFO  LaptopsAndNoteBooksPage :265 - Enter number 056981239to telephone[[ChromeDriver: chrome on WINDOWS (95624e64aca3ff671ebcaed06a659288)] -> id: input-payment-telephone]
2023-05-14 19:05:706 INFO  LaptopsAndNoteBooksPage :270 - Enter add CrossWayto address [[ChromeDriver: chrome on WINDOWS (95624e64aca3ff671ebcaed06a659288)] -> id: input-payment-address-1]
2023-05-14 19:05:773 INFO  LaptopsAndNoteBooksPage :270 - Enter add CrossWayto address [[ChromeDriver: chrome on WINDOWS (95624e64aca3ff671ebcaed06a659288)] -> id: input-payment-address-1]
2023-05-14 19:05:827 INFO  LaptopsAndNoteBooksPage :275 - Enter cityName Sloughto city [[ChromeDriver: chrome on WINDOWS (95624e64aca3ff671ebcaed06a659288)] -> id: input-payment-city]
2023-05-14 19:05:909 INFO  LaptopsAndNoteBooksPage :280 - Enter postalCode363641to postcode[[ChromeDriver: chrome on WINDOWS (95624e64aca3ff671ebcaed06a659288)] -> id: input-payment-postcode]
2023-05-14 19:05:974 INFO  LaptopsAndNoteBooksPage :285 - select country from dropdown
2023-05-14 19:05:44 INFO  LaptopsAndNoteBooksPage :290 - select region from dropdown
2023-05-14 19:05:127 INFO  LaptopsAndNoteBooksPage :295 - clicking on continue button.
2023-05-14 19:05:175 INFO  LaptopsAndNoteBooksPage :300 - Add Comments About your order into text area
2023-05-14 19:05:974 INFO  LaptopsAndNoteBooksPage :305 - clicking on Terms & Conditions check box.
2023-05-14 19:05:49 INFO  LaptopsAndNoteBooksPage :310 - clicking On Continue button.
2023-05-14 19:05:172 INFO  LaptopsAndNoteBooksPage :315 - verify Message Payment Method Required
2023-05-14 19:05:670 INFO  LoginPage :54 - Selecting my account optionsLogin
2023-05-14 19:05:282 INFO  LoginPage :96 - Enter emailIdmagnussmith123@gmail.comto email[[ChromeDriver: chrome on WINDOWS (158b5f0393dada993d7a61c884854dd1)] -> id: input-email]
2023-05-14 19:05:377 INFO  LoginPage :101 - Enter  passwordFieldsmith123456to password[[ChromeDriver: chrome on WINDOWS (158b5f0393dada993d7a61c884854dd1)] -> id: input-password]
2023-05-14 19:05:452 INFO  LoginPage :71 - Clicking on login button.
2023-05-14 19:05:193 INFO  LoginPage :76 - Getting text My account
2023-05-14 19:05:236 INFO  LoginPage :54 - Selecting my account optionsLogout
2023-05-14 19:05:58 INFO  LoginPage :86 - Getting the text account logout
2023-05-14 19:05:98 INFO  LoginPage :91 - Clicking on continue link.
2023-05-14 19:05:721 INFO  RegisterPage :88 - Selecting my account optionsRegister
2023-05-14 19:05:550 INFO  RegisterPage :101 - Verifying text register account
2023-05-14 19:05:796 INFO  RegisterPage :88 - Selecting my account optionsRegister
2023-05-14 19:05:673 INFO  RegisterPage :106 - Enter fNameMagnusto firstName [[ChromeDriver: chrome on WINDOWS (4018f2d1e0cfb2fd9caeab11f20d16bb)] -> id: input-firstname]
2023-05-14 19:05:776 INFO  RegisterPage :111 - Enter lName Smithto lastName  [[ChromeDriver: chrome on WINDOWS (4018f2d1e0cfb2fd9caeab11f20d16bb)] -> id: input-lastname]
2023-05-14 19:05:828 INFO  RegisterPage :116 - Enter emailId
2023-05-14 19:05:946 INFO  RegisterPage :124 - Enter telNum0782565511to telephone[[ChromeDriver: chrome on WINDOWS (4018f2d1e0cfb2fd9caeab11f20d16bb)] -> xpath: //input[@id='input-telephone']]
2023-05-14 19:05:23 INFO  RegisterPage :129 - Enter passWord smith123456to Password[[ChromeDriver: chrome on WINDOWS (4018f2d1e0cfb2fd9caeab11f20d16bb)] -> id: input-password]
2023-05-14 19:05:104 INFO  RegisterPage :134 - Enter confirmPassword smith123456to confirmPassword[[ChromeDriver: chrome on WINDOWS (4018f2d1e0cfb2fd9caeab11f20d16bb)] -> id: input-confirm]
2023-05-14 19:05:164 INFO  RegisterPage :139 - clicking on radiobutton.
2023-05-14 19:05:220 INFO  RegisterPage :144 - Clicking on privacy policy checkbox.
2023-05-14 19:05:280 INFO  RegisterPage :149 - Clicking on continue button.
2023-05-14 19:05:748 INFO  RegisterPage :154 - Verifying message account created
2023-05-14 19:05:648 INFO  RegisterPage :159 - Clicking on continue tab
2023-05-14 19:05:102 INFO  RegisterPage :88 - Selecting my account optionsLogout
2023-05-14 19:05:952 INFO  RegisterPage :169 - Verify the text account logout
2023-05-14 19:05:989 INFO  RegisterPage :174 - Clicking on continue.
2023-05-14 19:05:252 INFO  HomePage :61 - mouse hover on desktoplink and click.
2023-05-14 19:05:422 INFO  HomePage :46 - Selecting a topMenu: Show AllDesktops
2023-05-14 19:05:470 INFO  DesktopsPage :178 - Selection of sort by position Name: Z to A[[ChromeDriver: chrome on WINDOWS (e98dbd6060d39b2fae9a65a68e436955)] -> id: input-sort]
2023-05-14 19:05:13 INFO  DesktopsPage :183 - Displaying products in descending order
2023-05-14 19:05:191 INFO  HomePage :61 - mouse hover on desktoplink and click.
2023-05-14 19:05:355 INFO  HomePage :46 - Selecting a topMenu: Show AllDesktops
2023-05-14 20:05:252 INFO  DesktopsPage :178 - Selection of sort by position Name: Z to A[[ChromeDriver: chrome on WINDOWS (989c828874a83c5d342eb3d14553698a)] -> id: input-sort]
2023-05-14 20:05:780 INFO  DesktopsPage :168 - click on product HPLP3065
2023-05-14 20:05:732 INFO  DesktopsPage :162 - get Text HPLP3065
2023-05-14 20:05:765 INFO  DesktopsPage :136 - select date from Calender
2023-05-14 20:05:367 INFO  DesktopsPage :126 -  enter Quantity[[ChromeDriver: chrome on WINDOWS (989c828874a83c5d342eb3d14553698a)] -> xpath: //input[@id='input-quantity']]
2023-05-14 20:05:438 INFO  DesktopsPage :131 - clicking on add to cart.
2023-05-14 20:05:513 INFO  DesktopsPage :121 - getting shopping cart text
2023-05-14 20:05:812 INFO  DesktopsPage :115 - click on shopping cart
2023-05-14 20:05:439 INFO  DesktopsPage :90 - get shopping cart text
2023-05-14 20:05:477 INFO  DesktopsPage :95 - get product name HPLP3065Text
2023-05-14 20:05:503 INFO  DesktopsPage :100 - verify delivery date
2023-05-14 20:05:531 INFO  DesktopsPage :110 - Verify total
2023-05-14 20:05:555 INFO  DesktopsPage :105 - verify model product21
2023-05-14 20:05:588 INFO  HomePage :61 - mouse hover on desktoplink and click.
2023-05-14 20:05:752 INFO  HomePage :46 - Selecting a topMenu: Show AllDesktops
2023-05-14 20:05:769 INFO  HomePage :66 - Getting text from: [[ChromeDriver: chrome on WINDOWS (f2a24cae996392d9c789d1f872162d37)] -> xpath: //h2[contains(text(),'Desktops')]]
2023-05-14 20:05:538 INFO  HomePage :71 - mouse hover on laptopsAndNotebooksLink and click.
2023-05-14 20:05:707 INFO  HomePage :46 - Selecting a topMenu: Show AllLaptops & Notebooks
2023-05-14 20:05:457 INFO  HomePage :76 - Getting text from: [[ChromeDriver: chrome on WINDOWS (6c4ac702e5f46343f4204a8eeb628c10)] -> xpath: //h2[contains(text(),'Laptops & Notebooks')]]
2023-05-14 20:05:708 INFO  HomePage :81 - mouse hover on componentsLink and click.
2023-05-14 20:05:882 INFO  HomePage :46 - Selecting a topMenu: Show AllComponents
2023-05-14 20:05:604 INFO  HomePage :86 - Getting text from: [[ChromeDriver: chrome on WINDOWS (831c1f2e8d42bf2cf6f2ea836f6fb8fd)] -> xpath: //h2[contains(text(),'Components')]]
2023-05-14 20:05:742 INFO  HomePage :71 - mouse hover on laptopsAndNotebooksLink and click.
2023-05-14 20:05:908 INFO  LaptopsAndNoteBooksPage :129 - click on show all laptops and notebooks
2023-05-14 20:05:584 INFO  LaptopsAndNoteBooksPage :134 - select sort by high to low
2023-05-14 20:05:100 INFO  LaptopsAndNoteBooksPage :139 - Verify the Product price will arrange in High to Low order before sorting
2023-05-14 20:05:212 INFO  LaptopsAndNoteBooksPage :155 - Verify the Product price will arrange in High to Low order after sorting
2023-05-14 20:05:965 INFO  HomePage :71 - mouse hover on laptopsAndNotebooksLink and click.
2023-05-14 20:05:134 INFO  LaptopsAndNoteBooksPage :129 - click on show all laptops and notebooks
2023-05-14 20:05:859 INFO  LaptopsAndNoteBooksPage :134 - select sort by high to low
2023-05-14 20:05:465 INFO  LaptopsAndNoteBooksPage :168 - clicking on Macbook.
2023-05-14 20:05:923 INFO  LaptopsAndNoteBooksPage :173 - verify text Macbook
2023-05-14 20:05:972 INFO  LaptopsAndNoteBooksPage :178 - clicking on add to cart.
2023-05-14 20:05:40 INFO  LaptopsAndNoteBooksPage :183 - get added Macbook text
2023-05-14 20:05:397 INFO  LaptopsAndNoteBooksPage :188 - clicking on shopping cart.
2023-05-14 20:05:53 INFO  LaptopsAndNoteBooksPage :193 - Verify text shopping cart 
2023-05-14 20:05:91 INFO  LaptopsAndNoteBooksPage :198 - Verify product name Macbook
2023-05-14 20:05:119 INFO  LaptopsAndNoteBooksPage :203 - change quantity
2023-05-14 20:05:237 INFO  LaptopsAndNoteBooksPage :210 - click on update tab
2023-05-14 20:05:933 INFO  LaptopsAndNoteBooksPage :215 - Verify modified shopping cart
2023-05-14 20:05:972 INFO  LaptopsAndNoteBooksPage :220 - Verify total
2023-05-14 20:05:03 INFO  LaptopsAndNoteBooksPage :225 - clicking on checkout button.
2023-05-14 20:05:464 INFO  LaptopsAndNoteBooksPage :230 - Verify the text checkout
2023-05-14 20:05:493 INFO  LaptopsAndNoteBooksPage :235 - Verify the text Newcustomer
2023-05-14 20:05:512 INFO  LaptopsAndNoteBooksPage :240 - clicking on guest checkout radiobutton.
2023-05-14 20:05:565 INFO  LaptopsAndNoteBooksPage :245 - clicking on continue tab.
2023-05-14 20:05:947 INFO  LaptopsAndNoteBooksPage :250 - Enter fNameJohnto firstName [[ChromeDriver: chrome on WINDOWS (c92e58c4419807955cf3ee77b297e45e)] -> id: input-payment-firstname]
2023-05-14 20:05:101 INFO  LaptopsAndNoteBooksPage :255 - Enter lName Smithto lastName  [[ChromeDriver: chrome on WINDOWS (c92e58c4419807955cf3ee77b297e45e)] -> id: input-payment-lastname]
2023-05-14 20:05:250 INFO  LaptopsAndNoteBooksPage :260 - Enter emailId john123@gmail.comto email [[ChromeDriver: chrome on WINDOWS (c92e58c4419807955cf3ee77b297e45e)] -> id: input-payment-email]
2023-05-14 20:05:498 INFO  LaptopsAndNoteBooksPage :265 - Enter number 056981239to telephone[[ChromeDriver: chrome on WINDOWS (c92e58c4419807955cf3ee77b297e45e)] -> id: input-payment-telephone]
2023-05-14 20:05:692 INFO  LaptopsAndNoteBooksPage :270 - Enter add CrossWayto address [[ChromeDriver: chrome on WINDOWS (c92e58c4419807955cf3ee77b297e45e)] -> id: input-payment-address-1]
2023-05-14 20:05:825 INFO  LaptopsAndNoteBooksPage :270 - Enter add CrossWayto address [[ChromeDriver: chrome on WINDOWS (c92e58c4419807955cf3ee77b297e45e)] -> id: input-payment-address-1]
2023-05-14 20:05:932 INFO  LaptopsAndNoteBooksPage :275 - Enter cityName Sloughto city [[ChromeDriver: chrome on WINDOWS (c92e58c4419807955cf3ee77b297e45e)] -> id: input-payment-city]
2023-05-14 20:05:71 INFO  LaptopsAndNoteBooksPage :280 - Enter postalCode363641to postcode[[ChromeDriver: chrome on WINDOWS (c92e58c4419807955cf3ee77b297e45e)] -> id: input-payment-postcode]
2023-05-14 20:05:167 INFO  LaptopsAndNoteBooksPage :285 - select country from dropdown
2023-05-14 20:05:267 INFO  LaptopsAndNoteBooksPage :290 - select region from dropdown
2023-05-14 20:05:394 INFO  LaptopsAndNoteBooksPage :295 - clicking on continue button.
2023-05-14 20:05:455 INFO  LaptopsAndNoteBooksPage :300 - Add Comments About your order into text area
2023-05-14 20:05:242 INFO  LaptopsAndNoteBooksPage :305 - clicking on Terms & Conditions check box.
2023-05-14 20:05:305 INFO  LaptopsAndNoteBooksPage :310 - clicking On Continue button.
2023-05-14 20:05:459 INFO  LaptopsAndNoteBooksPage :315 - verify Message Payment Method Required
2023-05-14 20:05:424 INFO  LoginPage :54 - Selecting my account optionsLogin
2023-05-14 20:05:966 INFO  LoginPage :66 - Getting text Returning Customer” 
2023-05-14 20:05:990 INFO  LoginPage :54 - Selecting my account optionsLogin
2023-05-14 20:05:573 INFO  LoginPage :96 - Enter emailIdmagnussmith123@gmail.comto email[[ChromeDriver: chrome on WINDOWS (06c76f14962b0c074f6d9b287cd15f8d)] -> id: input-email]
2023-05-14 20:05:689 INFO  LoginPage :101 - Enter  passwordFieldsmith123456to password[[ChromeDriver: chrome on WINDOWS (06c76f14962b0c074f6d9b287cd15f8d)] -> id: input-password]
2023-05-14 20:05:772 INFO  LoginPage :71 - Clicking on login button.
2023-05-14 20:05:525 INFO  LoginPage :76 - Getting text My account
2023-05-14 20:05:567 INFO  LoginPage :54 - Selecting my account optionsLogout
2023-05-14 20:05:369 INFO  LoginPage :86 - Getting the text account logout
2023-05-14 20:05:396 INFO  LoginPage :91 - Clicking on continue link.
2023-05-14 20:05:569 INFO  RegisterPage :88 - Selecting my account optionsRegister
2023-05-14 20:05:541 INFO  RegisterPage :101 - Verifying text register account
2023-05-14 20:05:405 INFO  RegisterPage :88 - Selecting my account optionsRegister
2023-05-14 20:05:321 INFO  RegisterPage :106 - Enter fNameMagnusto firstName [[ChromeDriver: chrome on WINDOWS (1b99f90c05971e463e69f9bc0b55ea65)] -> id: input-firstname]
2023-05-14 20:05:415 INFO  RegisterPage :111 - Enter lName Smithto lastName  [[ChromeDriver: chrome on WINDOWS (1b99f90c05971e463e69f9bc0b55ea65)] -> id: input-lastname]
2023-05-14 20:05:477 INFO  RegisterPage :116 - Enter emailId
2023-05-14 20:05:600 INFO  RegisterPage :124 - Enter telNum0782565511to telephone[[ChromeDriver: chrome on WINDOWS (1b99f90c05971e463e69f9bc0b55ea65)] -> xpath: //input[@id='input-telephone']]
2023-05-14 20:05:696 INFO  RegisterPage :129 - Enter passWord smith123456to Password[[ChromeDriver: chrome on WINDOWS (1b99f90c05971e463e69f9bc0b55ea65)] -> id: input-password]
2023-05-14 20:05:791 INFO  RegisterPage :134 - Enter confirmPassword smith123456to confirmPassword[[ChromeDriver: chrome on WINDOWS (1b99f90c05971e463e69f9bc0b55ea65)] -> id: input-confirm]
2023-05-14 20:05:860 INFO  RegisterPage :139 - clicking on radiobutton.
2023-05-14 20:05:923 INFO  RegisterPage :144 - Clicking on privacy policy checkbox.
2023-05-14 20:05:986 INFO  RegisterPage :149 - Clicking on continue button.
2023-05-14 20:05:789 INFO  RegisterPage :154 - Verifying message account created
2023-05-14 20:05:858 INFO  RegisterPage :159 - Clicking on continue tab
2023-05-14 20:05:370 INFO  RegisterPage :88 - Selecting my account optionsLogout
2023-05-14 20:05:209 INFO  RegisterPage :169 - Verify the text account logout
2023-05-14 20:05:241 INFO  RegisterPage :174 - Clicking on continue.
2023-05-14 20:05:470 INFO  HomePage :61 - mouse hover on desktoplink and click.
2023-05-14 20:05:646 INFO  HomePage :46 - Selecting a topMenu: Show AllDesktops
2023-05-14 20:05:655 INFO  DesktopsPage :178 - Selection of sort by position Name: Z to A[[ChromeDriver: chrome on WINDOWS (13598504a78b7111f5e27f45c8ec21b3)] -> id: input-sort]
2023-05-14 20:05:130 INFO  DesktopsPage :183 - Displaying products in descending order
2023-05-14 20:05:51 INFO  HomePage :71 - mouse hover on laptopsAndNotebooksLink and click.
2023-05-14 20:05:220 INFO  HomePage :46 - Selecting a topMenu: Show AllLaptops & Notebooks
2023-05-14 20:05:958 INFO  HomePage :76 - Getting text from: [[ChromeDriver: chrome on WINDOWS (c5e6c2d92643afe570d09821f109c02b)] -> xpath: //h2[contains(text(),'Laptops & Notebooks')]]
2023-05-14 20:05:06 INFO  HomePage :71 - mouse hover on laptopsAndNotebooksLink and click.
2023-05-14 20:05:164 INFO  LaptopsAndNoteBooksPage :129 - click on show all laptops and notebooks
2023-05-14 20:05:866 INFO  LaptopsAndNoteBooksPage :134 - select sort by high to low
2023-05-14 20:05:381 INFO  LaptopsAndNoteBooksPage :168 - clicking on Macbook.
2023-05-14 20:05:243 INFO  LaptopsAndNoteBooksPage :173 - verify text Macbook
2023-05-14 20:05:275 INFO  LaptopsAndNoteBooksPage :178 - clicking on add to cart.
2023-05-14 20:05:359 INFO  LaptopsAndNoteBooksPage :183 - get added Macbook text
2023-05-14 20:05:678 INFO  LaptopsAndNoteBooksPage :188 - clicking on shopping cart.
2023-05-14 20:05:345 INFO  LaptopsAndNoteBooksPage :193 - Verify text shopping cart 
2023-05-14 20:05:385 INFO  LaptopsAndNoteBooksPage :198 - Verify product name Macbook
2023-05-14 20:05:413 INFO  LaptopsAndNoteBooksPage :203 - change quantity
2023-05-14 20:05:540 INFO  LaptopsAndNoteBooksPage :210 - click on update tab
2023-05-14 20:05:263 INFO  LaptopsAndNoteBooksPage :215 - Verify modified shopping cart
2023-05-14 20:05:292 INFO  LaptopsAndNoteBooksPage :220 - Verify total
2023-05-14 20:05:321 INFO  LaptopsAndNoteBooksPage :225 - clicking on checkout button.
2023-05-14 20:05:765 INFO  LaptopsAndNoteBooksPage :230 - Verify the text checkout
2023-05-14 20:05:810 INFO  LaptopsAndNoteBooksPage :235 - Verify the text Newcustomer
2023-05-14 20:05:841 INFO  LaptopsAndNoteBooksPage :240 - clicking on guest checkout radiobutton.
2023-05-14 20:05:895 INFO  LaptopsAndNoteBooksPage :245 - clicking on continue tab.
2023-05-14 20:05:288 INFO  LaptopsAndNoteBooksPage :250 - Enter fNameJohnto firstName [[ChromeDriver: chrome on WINDOWS (8c0741620972737acb2da016ea5f934b)] -> id: input-payment-firstname]
2023-05-14 20:05:395 INFO  LaptopsAndNoteBooksPage :255 - Enter lName Smithto lastName  [[ChromeDriver: chrome on WINDOWS (8c0741620972737acb2da016ea5f934b)] -> id: input-payment-lastname]
2023-05-14 20:05:489 INFO  LaptopsAndNoteBooksPage :260 - Enter emailId john123@gmail.comto email [[ChromeDriver: chrome on WINDOWS (8c0741620972737acb2da016ea5f934b)] -> id: input-payment-email]
2023-05-14 20:05:609 INFO  LaptopsAndNoteBooksPage :265 - Enter number 056981239to telephone[[ChromeDriver: chrome on WINDOWS (8c0741620972737acb2da016ea5f934b)] -> id: input-payment-telephone]
2023-05-14 20:05:681 INFO  LaptopsAndNoteBooksPage :270 - Enter add CrossWayto address [[ChromeDriver: chrome on WINDOWS (8c0741620972737acb2da016ea5f934b)] -> id: input-payment-address-1]
2023-05-14 20:05:745 INFO  LaptopsAndNoteBooksPage :270 - Enter add CrossWayto address [[ChromeDriver: chrome on WINDOWS (8c0741620972737acb2da016ea5f934b)] -> id: input-payment-address-1]
2023-05-14 20:05:787 INFO  LaptopsAndNoteBooksPage :275 - Enter cityName Sloughto city [[ChromeDriver: chrome on WINDOWS (8c0741620972737acb2da016ea5f934b)] -> id: input-payment-city]
2023-05-14 20:05:846 INFO  LaptopsAndNoteBooksPage :280 - Enter postalCode363641to postcode[[ChromeDriver: chrome on WINDOWS (8c0741620972737acb2da016ea5f934b)] -> id: input-payment-postcode]
2023-05-14 20:05:889 INFO  LaptopsAndNoteBooksPage :285 - select country from dropdown
2023-05-14 20:05:944 INFO  LaptopsAndNoteBooksPage :290 - select region from dropdown
2023-05-14 20:05:17 INFO  LaptopsAndNoteBooksPage :295 - clicking on continue button.
2023-05-14 20:05:67 INFO  LaptopsAndNoteBooksPage :300 - Add Comments About your order into text area
2023-05-14 20:05:844 INFO  LaptopsAndNoteBooksPage :305 - clicking on Terms & Conditions check box.
2023-05-14 20:05:900 INFO  LaptopsAndNoteBooksPage :310 - clicking On Continue button.
2023-05-14 20:05:29 INFO  LaptopsAndNoteBooksPage :315 - verify Message Payment Method Required
2023-05-14 20:05:263 INFO  LoginPage :54 - Selecting my account optionsLogin
2023-05-14 20:05:831 INFO  LoginPage :96 - Enter emailIdmagnussmith123@gmail.comto email[[ChromeDriver: chrome on WINDOWS (57f547994caabdcc9046637932456b0d)] -> id: input-email]
2023-05-14 20:05:938 INFO  LoginPage :101 - Enter  passwordFieldsmith123456to password[[ChromeDriver: chrome on WINDOWS (57f547994caabdcc9046637932456b0d)] -> id: input-password]
2023-05-14 20:05:19 INFO  LoginPage :71 - Clicking on login button.
2023-05-14 20:05:737 INFO  LoginPage :76 - Getting text My account
2023-05-14 20:05:772 INFO  LoginPage :54 - Selecting my account optionsLogout
2023-05-14 20:05:583 INFO  LoginPage :86 - Getting the text account logout
2023-05-14 20:05:624 INFO  LoginPage :91 - Clicking on continue link.
2023-05-14 20:05:883 INFO  RegisterPage :88 - Selecting my account optionsRegister
2023-05-14 20:05:678 INFO  RegisterPage :101 - Verifying text register account
2023-05-14 20:05:477 INFO  RegisterPage :88 - Selecting my account optionsRegister
2023-05-14 20:05:314 INFO  RegisterPage :106 - Enter fNameMagnusto firstName [[ChromeDriver: chrome on WINDOWS (43be36032a6aaa926aeacbe55bd243f7)] -> id: input-firstname]
2023-05-14 20:05:410 INFO  RegisterPage :111 - Enter lName Smithto lastName  [[ChromeDriver: chrome on WINDOWS (43be36032a6aaa926aeacbe55bd243f7)] -> id: input-lastname]
2023-05-14 20:05:463 INFO  RegisterPage :116 - Enter emailId
2023-05-14 20:05:566 INFO  RegisterPage :124 - Enter telNum0782565511to telephone[[ChromeDriver: chrome on WINDOWS (43be36032a6aaa926aeacbe55bd243f7)] -> xpath: //input[@id='input-telephone']]
2023-05-14 20:05:637 INFO  RegisterPage :129 - Enter passWord smith123456to Password[[ChromeDriver: chrome on WINDOWS (43be36032a6aaa926aeacbe55bd243f7)] -> id: input-password]
2023-05-14 20:05:710 INFO  RegisterPage :134 - Enter confirmPassword smith123456to confirmPassword[[ChromeDriver: chrome on WINDOWS (43be36032a6aaa926aeacbe55bd243f7)] -> id: input-confirm]
2023-05-14 20:05:766 INFO  RegisterPage :139 - clicking on radiobutton.
2023-05-14 20:05:826 INFO  RegisterPage :144 - Clicking on privacy policy checkbox.
2023-05-14 20:05:887 INFO  RegisterPage :149 - Clicking on continue button.
2023-05-14 20:05:332 INFO  RegisterPage :154 - Verifying message account created
2023-05-14 20:05:938 INFO  RegisterPage :159 - Clicking on continue tab
2023-05-14 20:05:337 INFO  RegisterPage :88 - Selecting my account optionsLogout
2023-05-14 20:05:75 INFO  RegisterPage :169 - Verify the text account logout
2023-05-14 20:05:110 INFO  RegisterPage :174 - Clicking on continue.
2023-05-15 10:05:364 INFO  HomePage :61 - mouse hover on desktoplink and click.
2023-05-15 10:05:548 INFO  HomePage :46 - Selecting a topMenu: Show AllDesktops
2023-05-15 10:05:534 INFO  DesktopsPage :178 - Selection of sort by position Name: Z to A[[ChromeDriver: chrome on WINDOWS (1117cb8656c43bac115b4cbd0ca16ac1)] -> id: input-sort]
2023-05-15 10:05:13 INFO  DesktopsPage :183 - Displaying products in descending order
2023-05-15 10:05:88 INFO  HomePage :71 - mouse hover on laptopsAndNotebooksLink and click.
2023-05-15 10:05:254 INFO  HomePage :46 - Selecting a topMenu: Show AllLaptops & Notebooks
2023-05-15 10:05:319 INFO  HomePage :76 - Getting text from: [[ChromeDriver: chrome on WINDOWS (9a661d5552648d9201146250239d6d76)] -> xpath: //h2[contains(text(),'Laptops & Notebooks')]]
2023-05-15 10:05:335 INFO  HomePage :71 - mouse hover on laptopsAndNotebooksLink and click.
2023-05-15 10:05:503 INFO  LaptopsAndNoteBooksPage :129 - click on show all laptops and notebooks
2023-05-15 10:05:174 INFO  LaptopsAndNoteBooksPage :134 - select sort by high to low
2023-05-15 10:05:678 INFO  LaptopsAndNoteBooksPage :168 - clicking on Macbook.
2023-05-15 10:05:138 INFO  LaptopsAndNoteBooksPage :173 - verify text Macbook
2023-05-15 10:05:187 INFO  LaptopsAndNoteBooksPage :178 - clicking on add to cart.
2023-05-15 10:05:248 INFO  LaptopsAndNoteBooksPage :183 - get added Macbook text
2023-05-15 10:05:587 INFO  LaptopsAndNoteBooksPage :188 - clicking on shopping cart.
2023-05-15 10:05:224 INFO  LaptopsAndNoteBooksPage :193 - Verify text shopping cart 
2023-05-15 10:05:263 INFO  LaptopsAndNoteBooksPage :198 - Verify product name Macbook
2023-05-15 10:05:292 INFO  LaptopsAndNoteBooksPage :203 - change quantity
2023-05-15 10:05:414 INFO  LaptopsAndNoteBooksPage :210 - click on update tab
2023-05-15 10:05:126 INFO  LaptopsAndNoteBooksPage :215 - Verify modified shopping cart
2023-05-15 10:05:156 INFO  LaptopsAndNoteBooksPage :220 - Verify total
2023-05-15 10:05:183 INFO  LaptopsAndNoteBooksPage :225 - clicking on checkout button.
2023-05-15 10:05:615 INFO  LaptopsAndNoteBooksPage :230 - Verify the text checkout
2023-05-15 10:05:649 INFO  LaptopsAndNoteBooksPage :235 - Verify the text Newcustomer
2023-05-15 10:05:675 INFO  LaptopsAndNoteBooksPage :240 - clicking on guest checkout radiobutton.
2023-05-15 10:05:724 INFO  LaptopsAndNoteBooksPage :245 - clicking on continue tab.
2023-05-15 10:05:118 INFO  LaptopsAndNoteBooksPage :250 - Enter fNameJohnto firstName [[ChromeDriver: chrome on WINDOWS (3fd887b55a69960f41e866b19e6fa5a2)] -> id: input-payment-firstname]
2023-05-15 10:05:227 INFO  LaptopsAndNoteBooksPage :255 - Enter lName Smithto lastName  [[ChromeDriver: chrome on WINDOWS (3fd887b55a69960f41e866b19e6fa5a2)] -> id: input-payment-lastname]
2023-05-15 10:05:309 INFO  LaptopsAndNoteBooksPage :260 - Enter emailId john123@gmail.comto email [[ChromeDriver: chrome on WINDOWS (3fd887b55a69960f41e866b19e6fa5a2)] -> id: input-payment-email]
2023-05-15 10:05:420 INFO  LaptopsAndNoteBooksPage :265 - Enter number 056981239to telephone[[ChromeDriver: chrome on WINDOWS (3fd887b55a69960f41e866b19e6fa5a2)] -> id: input-payment-telephone]
2023-05-15 10:05:501 INFO  LaptopsAndNoteBooksPage :270 - Enter add CrossWayto address [[ChromeDriver: chrome on WINDOWS (3fd887b55a69960f41e866b19e6fa5a2)] -> id: input-payment-address-1]
2023-05-15 10:05:563 INFO  LaptopsAndNoteBooksPage :270 - Enter add CrossWayto address [[ChromeDriver: chrome on WINDOWS (3fd887b55a69960f41e866b19e6fa5a2)] -> id: input-payment-address-1]
2023-05-15 10:05:615 INFO  LaptopsAndNoteBooksPage :275 - Enter cityName Sloughto city [[ChromeDriver: chrome on WINDOWS (3fd887b55a69960f41e866b19e6fa5a2)] -> id: input-payment-city]
2023-05-15 10:05:682 INFO  LaptopsAndNoteBooksPage :280 - Enter postalCode363641to postcode[[ChromeDriver: chrome on WINDOWS (3fd887b55a69960f41e866b19e6fa5a2)] -> id: input-payment-postcode]
2023-05-15 10:05:730 INFO  LaptopsAndNoteBooksPage :285 - select country from dropdown
2023-05-15 10:05:792 INFO  LaptopsAndNoteBooksPage :290 - select region from dropdown
2023-05-15 10:05:877 INFO  LaptopsAndNoteBooksPage :295 - clicking on continue button.
2023-05-15 10:05:932 INFO  LaptopsAndNoteBooksPage :300 - Add Comments About your order into text area
2023-05-15 10:05:624 INFO  LaptopsAndNoteBooksPage :305 - clicking on Terms & Conditions check box.
2023-05-15 10:05:774 INFO  LaptopsAndNoteBooksPage :310 - clicking On Continue button.
2023-05-15 10:05:906 INFO  LaptopsAndNoteBooksPage :315 - verify Message Payment Method Required
2023-05-15 10:05:957 INFO  LoginPage :54 - Selecting my account optionsLogin
2023-05-15 10:05:498 INFO  LoginPage :96 - Enter emailIdmagnussmith123@gmail.comto email[[ChromeDriver: chrome on WINDOWS (e3dd17f89d97d9089051b98054e4b6a3)] -> id: input-email]
2023-05-15 10:05:609 INFO  LoginPage :101 - Enter  passwordFieldsmith123456to password[[ChromeDriver: chrome on WINDOWS (e3dd17f89d97d9089051b98054e4b6a3)] -> id: input-password]
2023-05-15 10:05:677 INFO  LoginPage :71 - Clicking on login button.
2023-05-15 10:05:333 INFO  LoginPage :76 - Getting text My account
2023-05-15 10:05:367 INFO  LoginPage :54 - Selecting my account optionsLogout
2023-05-15 10:05:88 INFO  LoginPage :86 - Getting the text account logout
2023-05-15 10:05:118 INFO  LoginPage :91 - Clicking on continue link.
2023-05-15 10:05:413 INFO  RegisterPage :89 - Selecting my account optionsRegister
2023-05-15 10:05:253 INFO  RegisterPage :102 - Verifying text register account
2023-05-15 10:05:233 INFO  RegisterPage :89 - Selecting my account optionsRegister
2023-05-15 10:05:76 INFO  RegisterPage :117 - Enter emailId
2023-05-15 10:05:211 INFO  RegisterPage :107 - Enter fNameMagnusto firstName [[ChromeDriver: chrome on WINDOWS (0e8ecb82b637b15ec54503d8edb32a52)] -> id: input-firstname]
2023-05-15 10:05:292 INFO  RegisterPage :112 - Enter lName Smithto lastName  [[ChromeDriver: chrome on WINDOWS (0e8ecb82b637b15ec54503d8edb32a52)] -> id: input-lastname]
2023-05-15 10:05:365 INFO  RegisterPage :127 - Enter telNum0782565511to telephone[[ChromeDriver: chrome on WINDOWS (0e8ecb82b637b15ec54503d8edb32a52)] -> xpath: //input[@id='input-telephone']]
2023-05-15 10:05:432 INFO  RegisterPage :132 - Enter passWord smith123456to Password[[ChromeDriver: chrome on WINDOWS (0e8ecb82b637b15ec54503d8edb32a52)] -> id: input-password]
2023-05-15 10:05:510 INFO  RegisterPage :137 - Enter confirmPassword smith123456to confirmPassword[[ChromeDriver: chrome on WINDOWS (0e8ecb82b637b15ec54503d8edb32a52)] -> id: input-confirm]
2023-05-15 10:05:576 INFO  RegisterPage :142 - clicking on radiobutton.
2023-05-15 10:05:635 INFO  RegisterPage :147 - Clicking on privacy policy checkbox.
2023-05-15 10:05:691 INFO  RegisterPage :152 - Clicking on continue button.
2023-05-15 10:05:442 INFO  RegisterPage :157 - Verifying message account created
2023-05-15 10:05:489 INFO  RegisterPage :162 - Clicking on continue tab
2023-05-15 10:05:905 INFO  RegisterPage :89 - Selecting my account optionsLogout
2023-05-15 10:05:672 INFO  RegisterPage :172 - Verify the text account logout
2023-05-15 10:05:704 INFO  RegisterPage :177 - Clicking on continue.
2023-05-15 10:05:605 INFO  HomePage :61 - mouse hover on desktoplink and click.
2023-05-15 10:05:785 INFO  HomePage :46 - Selecting a topMenu: Show AllDesktops
2023-05-15 10:05:935 INFO  DesktopsPage :178 - Selection of sort by position Name: Z to A[[ChromeDriver: chrome on WINDOWS (7ed8afb0fb4049b88a5f30412650ac9b)] -> id: input-sort]
2023-05-15 10:05:542 INFO  DesktopsPage :183 - Displaying products in descending order
2023-05-15 10:05:443 INFO  HomePage :71 - mouse hover on laptopsAndNotebooksLink and click.
2023-05-15 10:05:604 INFO  HomePage :46 - Selecting a topMenu: Show AllLaptops & Notebooks
2023-05-15 10:05:319 INFO  HomePage :76 - Getting text from: [[ChromeDriver: chrome on WINDOWS (137a230ca6ccc1cca7599d92ca47c8a9)] -> xpath: //h2[contains(text(),'Laptops & Notebooks')]]
2023-05-15 10:05:238 INFO  HomePage :71 - mouse hover on laptopsAndNotebooksLink and click.
2023-05-15 10:05:486 INFO  LaptopsAndNoteBooksPage :129 - click on show all laptops and notebooks
2023-05-15 10:05:250 INFO  LaptopsAndNoteBooksPage :134 - select sort by high to low
2023-05-15 10:05:868 INFO  LaptopsAndNoteBooksPage :168 - clicking on Macbook.
2023-05-15 10:05:255 INFO  LaptopsAndNoteBooksPage :173 - verify text Macbook
2023-05-15 10:05:305 INFO  LaptopsAndNoteBooksPage :178 - clicking on add to cart.
2023-05-15 10:05:392 INFO  LaptopsAndNoteBooksPage :183 - get added Macbook text
2023-05-15 10:05:734 INFO  LaptopsAndNoteBooksPage :188 - clicking on shopping cart.
2023-05-15 10:05:425 INFO  LaptopsAndNoteBooksPage :193 - Verify text shopping cart 
2023-05-15 10:05:473 INFO  LaptopsAndNoteBooksPage :198 - Verify product name Macbook
2023-05-15 10:05:509 INFO  LaptopsAndNoteBooksPage :203 - change quantity
2023-05-15 10:05:719 INFO  LaptopsAndNoteBooksPage :210 - click on update tab
2023-05-15 10:05:488 INFO  LaptopsAndNoteBooksPage :215 - Verify modified shopping cart
2023-05-15 10:05:517 INFO  LaptopsAndNoteBooksPage :220 - Verify total
2023-05-15 10:05:553 INFO  LaptopsAndNoteBooksPage :225 - clicking on checkout button.
2023-05-15 10:05:44 INFO  LaptopsAndNoteBooksPage :230 - Verify the text checkout
2023-05-15 10:05:80 INFO  LaptopsAndNoteBooksPage :235 - Verify the text Newcustomer
2023-05-15 10:05:114 INFO  LaptopsAndNoteBooksPage :240 - clicking on guest checkout radiobutton.
2023-05-15 10:05:182 INFO  LaptopsAndNoteBooksPage :245 - clicking on continue tab.
2023-05-15 10:05:601 INFO  LaptopsAndNoteBooksPage :250 - Enter fNameJohnto firstName [[ChromeDriver: chrome on WINDOWS (3b22a8df56ded3343c99c3a2061d954a)] -> id: input-payment-firstname]
2023-05-15 10:05:707 INFO  LaptopsAndNoteBooksPage :255 - Enter lName Smithto lastName  [[ChromeDriver: chrome on WINDOWS (3b22a8df56ded3343c99c3a2061d954a)] -> id: input-payment-lastname]
2023-05-15 10:05:800 INFO  LaptopsAndNoteBooksPage :260 - Enter emailId john123@gmail.comto email [[ChromeDriver: chrome on WINDOWS (3b22a8df56ded3343c99c3a2061d954a)] -> id: input-payment-email]
2023-05-15 10:05:941 INFO  LaptopsAndNoteBooksPage :265 - Enter number 056981239to telephone[[ChromeDriver: chrome on WINDOWS (3b22a8df56ded3343c99c3a2061d954a)] -> id: input-payment-telephone]
2023-05-15 10:05:28 INFO  LaptopsAndNoteBooksPage :270 - Enter add CrossWayto address [[ChromeDriver: chrome on WINDOWS (3b22a8df56ded3343c99c3a2061d954a)] -> id: input-payment-address-1]
2023-05-15 10:05:85 INFO  LaptopsAndNoteBooksPage :270 - Enter add CrossWayto address [[ChromeDriver: chrome on WINDOWS (3b22a8df56ded3343c99c3a2061d954a)] -> id: input-payment-address-1]
2023-05-15 10:05:133 INFO  LaptopsAndNoteBooksPage :275 - Enter cityName Sloughto city [[ChromeDriver: chrome on WINDOWS (3b22a8df56ded3343c99c3a2061d954a)] -> id: input-payment-city]
2023-05-15 10:05:195 INFO  LaptopsAndNoteBooksPage :280 - Enter postalCode363641to postcode[[ChromeDriver: chrome on WINDOWS (3b22a8df56ded3343c99c3a2061d954a)] -> id: input-payment-postcode]
2023-05-15 10:05:257 INFO  LaptopsAndNoteBooksPage :285 - select country from dropdown
2023-05-15 10:05:315 INFO  LaptopsAndNoteBooksPage :290 - select region from dropdown
2023-05-15 10:05:404 INFO  LaptopsAndNoteBooksPage :295 - clicking on continue button.
2023-05-15 10:05:480 INFO  LaptopsAndNoteBooksPage :300 - Add Comments About your order into text area
2023-05-15 10:05:313 INFO  LaptopsAndNoteBooksPage :305 - clicking on Terms & Conditions check box.
2023-05-15 10:05:390 INFO  LaptopsAndNoteBooksPage :310 - clicking On Continue button.
2023-05-15 10:05:490 INFO  LaptopsAndNoteBooksPage :315 - verify Message Payment Method Required
2023-05-15 10:05:410 INFO  LoginPage :54 - Selecting my account optionsLogin
2023-05-15 10:05:258 INFO  LoginPage :96 - Enter emailIdmagnussmith123@gmail.comto email[[ChromeDriver: chrome on WINDOWS (28c283b2fc9d82cbe9e600ce72d835dc)] -> id: input-email]
2023-05-15 10:05:392 INFO  LoginPage :101 - Enter  passwordFieldsmith123456to password[[ChromeDriver: chrome on WINDOWS (28c283b2fc9d82cbe9e600ce72d835dc)] -> id: input-password]
2023-05-15 10:05:460 INFO  LoginPage :71 - Clicking on login button.
2023-05-15 10:05:180 INFO  LoginPage :76 - Getting text My account
2023-05-15 10:05:210 INFO  LoginPage :54 - Selecting my account optionsLogout
2023-05-15 10:05:700 INFO  LoginPage :86 - Getting the text account logout
2023-05-15 10:05:885 INFO  RegisterPage :89 - Selecting my account optionsRegister
2023-05-15 10:05:706 INFO  RegisterPage :102 - Verifying text register account
2023-05-15 10:05:40 INFO  HomePage :61 - mouse hover on desktoplink and click.
2023-05-15 10:05:217 INFO  HomePage :46 - Selecting a topMenu: Show AllDesktops
2023-05-15 10:05:280 INFO  DesktopsPage :178 - Selection of sort by position Name: Z to A[[ChromeDriver: chrome on WINDOWS (4a78f9c07fa867b9189d9e64bc4c8104)] -> id: input-sort]
2023-05-15 10:05:804 INFO  DesktopsPage :183 - Displaying products in descending order
2023-05-15 10:05:978 INFO  HomePage :71 - mouse hover on laptopsAndNotebooksLink and click.
2023-05-15 10:05:163 INFO  HomePage :46 - Selecting a topMenu: Show AllLaptops & Notebooks
2023-05-15 10:05:946 INFO  HomePage :76 - Getting text from: [[ChromeDriver: chrome on WINDOWS (f72da5b3ec400834b7a5dcb364df76ac)] -> xpath: //h2[contains(text(),'Laptops & Notebooks')]]
2023-05-15 10:05:894 INFO  HomePage :71 - mouse hover on laptopsAndNotebooksLink and click.
2023-05-15 10:05:99 INFO  LaptopsAndNoteBooksPage :129 - click on show all laptops and notebooks
2023-05-15 10:05:861 INFO  LaptopsAndNoteBooksPage :134 - select sort by high to low
2023-05-15 10:05:427 INFO  LaptopsAndNoteBooksPage :168 - clicking on Macbook.
2023-05-15 10:05:784 INFO  LaptopsAndNoteBooksPage :173 - verify text Macbook
2023-05-15 10:05:826 INFO  LaptopsAndNoteBooksPage :178 - clicking on add to cart.
2023-05-15 10:05:905 INFO  LaptopsAndNoteBooksPage :183 - get added Macbook text
2023-05-15 10:05:274 INFO  LaptopsAndNoteBooksPage :188 - clicking on shopping cart.
2023-05-15 10:05:969 INFO  LaptopsAndNoteBooksPage :193 - Verify text shopping cart 
2023-05-15 10:05:20 INFO  LaptopsAndNoteBooksPage :198 - Verify product name Macbook
2023-05-15 10:05:46 INFO  LaptopsAndNoteBooksPage :203 - change quantity
2023-05-15 10:05:153 INFO  LaptopsAndNoteBooksPage :210 - click on update tab
2023-05-15 10:05:915 INFO  LaptopsAndNoteBooksPage :215 - Verify modified shopping cart
2023-05-15 10:05:953 INFO  LaptopsAndNoteBooksPage :220 - Verify total
2023-05-15 10:05:989 INFO  LaptopsAndNoteBooksPage :225 - clicking on checkout button.
2023-05-15 10:05:497 INFO  LaptopsAndNoteBooksPage :230 - Verify the text checkout
2023-05-15 10:05:531 INFO  LaptopsAndNoteBooksPage :235 - Verify the text Newcustomer
2023-05-15 10:05:587 INFO  LaptopsAndNoteBooksPage :240 - clicking on guest checkout radiobutton.
2023-05-15 10:05:671 INFO  LaptopsAndNoteBooksPage :245 - clicking on continue tab.
2023-05-15 10:05:68 INFO  LaptopsAndNoteBooksPage :250 - Enter fNameJohnto firstName [[ChromeDriver: chrome on WINDOWS (0d8fec1676107ff2ebb7e35895ec8053)] -> id: input-payment-firstname]
2023-05-15 10:05:163 INFO  LaptopsAndNoteBooksPage :255 - Enter lName Smithto lastName  [[ChromeDriver: chrome on WINDOWS (0d8fec1676107ff2ebb7e35895ec8053)] -> id: input-payment-lastname]
2023-05-15 10:05:482 INFO  LaptopsAndNoteBooksPage :260 - Enter emailId john123@gmail.comto email [[ChromeDriver: chrome on WINDOWS (0d8fec1676107ff2ebb7e35895ec8053)] -> id: input-payment-email]
2023-05-15 10:05:657 INFO  LaptopsAndNoteBooksPage :265 - Enter number 056981239to telephone[[ChromeDriver: chrome on WINDOWS (0d8fec1676107ff2ebb7e35895ec8053)] -> id: input-payment-telephone]
2023-05-15 10:05:821 INFO  LaptopsAndNoteBooksPage :270 - Enter add CrossWayto address [[ChromeDriver: chrome on WINDOWS (0d8fec1676107ff2ebb7e35895ec8053)] -> id: input-payment-address-1]
2023-05-15 10:05:31 INFO  LaptopsAndNoteBooksPage :270 - Enter add CrossWayto address [[ChromeDriver: chrome on WINDOWS (0d8fec1676107ff2ebb7e35895ec8053)] -> id: input-payment-address-1]
2023-05-15 10:05:117 INFO  LaptopsAndNoteBooksPage :275 - Enter cityName Sloughto city [[ChromeDriver: chrome on WINDOWS (0d8fec1676107ff2ebb7e35895ec8053)] -> id: input-payment-city]
2023-05-15 10:05:212 INFO  LaptopsAndNoteBooksPage :280 - Enter postalCode363641to postcode[[ChromeDriver: chrome on WINDOWS (0d8fec1676107ff2ebb7e35895ec8053)] -> id: input-payment-postcode]
2023-05-15 10:05:317 INFO  LaptopsAndNoteBooksPage :285 - select country from dropdown
2023-05-15 10:05:410 INFO  LaptopsAndNoteBooksPage :290 - select region from dropdown
2023-05-15 10:05:517 INFO  LaptopsAndNoteBooksPage :295 - clicking on continue button.
2023-05-15 10:05:573 INFO  LaptopsAndNoteBooksPage :300 - Add Comments About your order into text area
2023-05-15 10:05:387 INFO  LaptopsAndNoteBooksPage :305 - clicking on Terms & Conditions check box.
2023-05-15 10:05:461 INFO  LaptopsAndNoteBooksPage :310 - clicking On Continue button.
2023-05-15 10:05:588 INFO  LaptopsAndNoteBooksPage :315 - verify Message Payment Method Required
2023-05-15 10:05:655 INFO  LoginPage :54 - Selecting my account optionsLogin
2023-05-15 10:05:451 INFO  LoginPage :96 - Enter emailIdmagnussmith123@gmail.comto email[[ChromeDriver: chrome on WINDOWS (9aaa9b4f14842416d71103a0f763d98b)] -> id: input-email]
2023-05-15 10:05:580 INFO  LoginPage :101 - Enter  passwordFieldsmith123456to password[[ChromeDriver: chrome on WINDOWS (9aaa9b4f14842416d71103a0f763d98b)] -> id: input-password]
2023-05-15 10:05:651 INFO  LoginPage :71 - Clicking on login button.
2023-05-15 10:05:352 INFO  LoginPage :76 - Getting text My account
2023-05-15 10:05:383 INFO  LoginPage :54 - Selecting my account optionsLogout
2023-05-15 10:05:872 INFO  LoginPage :86 - Getting the text account logout
2023-05-15 10:05:313 INFO  RegisterPage :89 - Selecting my account optionsRegister
2023-05-15 10:05:221 INFO  RegisterPage :102 - Verifying text register account
2023-05-15 10:05:372 INFO  RegisterPage :89 - Selecting my account optionsRegister
2023-05-15 10:05:153 INFO  RegisterPage :117 - Enter emailId
2023-05-15 10:05:376 INFO  RegisterPage :107 - Enter fNameMagnusto firstName Proxy element for: DefaultElementLocator 'By.id: input-firstname'
2023-05-15 11:05:806 INFO  HomePage :61 - mouse hover on desktoplink and click.
2023-05-15 11:05:985 INFO  HomePage :46 - Selecting a topMenu: Show AllDesktops
2023-05-15 11:05:14 INFO  DesktopsPage :178 - Selection of sort by position Name: Z to A[[ChromeDriver: chrome on WINDOWS (a3398d25ddbe9184a93feb8feb3f7760)] -> id: input-sort]
2023-05-15 11:05:518 INFO  DesktopsPage :168 - click on product HPLP3065
2023-05-15 11:05:697 INFO  DesktopsPage :162 - get Text HPLP3065
2023-05-15 11:05:730 INFO  DesktopsPage :136 - select date from Calender
2023-05-15 11:05:259 INFO  DesktopsPage :126 -  enter Quantity[[ChromeDriver: chrome on WINDOWS (a3398d25ddbe9184a93feb8feb3f7760)] -> xpath: //input[@id='input-quantity']]
2023-05-15 11:05:329 INFO  DesktopsPage :131 - clicking on add to cart.
2023-05-15 11:05:398 INFO  DesktopsPage :121 - getting shopping cart text
2023-05-15 11:05:739 INFO  DesktopsPage :115 - click on shopping cart
2023-05-15 11:05:441 INFO  DesktopsPage :90 - get shopping cart text
2023-05-15 11:05:477 INFO  DesktopsPage :95 - get product name HPLP3065Text
2023-05-15 11:05:503 INFO  DesktopsPage :100 - verify delivery date
2023-05-15 11:05:527 INFO  DesktopsPage :110 - Verify total
2023-05-15 11:05:551 INFO  DesktopsPage :105 - verify model product21
2023-05-15 11:05:731 INFO  HomePage :61 - mouse hover on desktoplink and click.
2023-05-15 11:05:906 INFO  HomePage :46 - Selecting a topMenu: Show AllDesktops
2023-05-15 11:05:28 INFO  HomePage :66 - Getting text from: [[ChromeDriver: chrome on WINDOWS (302b2cc015414c34f6329e31bfd8d65d)] -> xpath: //h2[contains(text(),'Desktops')]]
2023-05-15 11:05:614 INFO  HomePage :71 - mouse hover on laptopsAndNotebooksLink and click.
2023-05-15 11:05:786 INFO  LaptopsAndNoteBooksPage :129 - click on show all laptops and notebooks
2023-05-15 11:05:531 INFO  LaptopsAndNoteBooksPage :134 - select sort by high to low
2023-05-15 11:05:16 INFO  LaptopsAndNoteBooksPage :139 - Verify the Product price will arrange in High to Low order before sorting
2023-05-15 11:05:147 INFO  LaptopsAndNoteBooksPage :155 - Verify the Product price will arrange in High to Low order after sorting
2023-05-15 11:05:05 INFO  LoginPage :54 - Selecting my account optionsLogin
2023-05-15 11:05:540 INFO  LoginPage :66 - Getting text Returning Customer” 
2023-05-15 11:05:954 INFO  HomePage :61 - mouse hover on desktoplink and click.
2023-05-15 11:05:148 INFO  HomePage :46 - Selecting a topMenu: Show AllDesktops
2023-05-15 11:05:00 INFO  DesktopsPage :178 - Selection of sort by position Name: Z to A[[ChromeDriver: chrome on WINDOWS (7715a414d8b6d2e7dff3a99ba16de4e6)] -> id: input-sort]
2023-05-15 11:05:544 INFO  DesktopsPage :183 - Displaying products in descending order
2023-05-15 11:05:36 INFO  HomePage :71 - mouse hover on laptopsAndNotebooksLink and click.
2023-05-15 11:05:209 INFO  HomePage :46 - Selecting a topMenu: Show AllLaptops & Notebooks
2023-05-15 11:05:932 INFO  HomePage :76 - Getting text from: [[ChromeDriver: chrome on WINDOWS (6749a9f6ff2d9417056f33ce1aa97bb9)] -> xpath: //h2[contains(text(),'Laptops & Notebooks')]]
2023-05-15 11:05:896 INFO  HomePage :71 - mouse hover on laptopsAndNotebooksLink and click.
2023-05-15 11:05:81 INFO  LaptopsAndNoteBooksPage :129 - click on show all laptops and notebooks
2023-05-15 11:05:750 INFO  LaptopsAndNoteBooksPage :134 - select sort by high to low
2023-05-15 11:05:295 INFO  LaptopsAndNoteBooksPage :168 - clicking on Macbook.
2023-05-15 11:05:590 INFO  LaptopsAndNoteBooksPage :173 - verify text Macbook
2023-05-15 11:05:623 INFO  LaptopsAndNoteBooksPage :178 - clicking on add to cart.
2023-05-15 11:05:688 INFO  LaptopsAndNoteBooksPage :183 - get added Macbook text
2023-05-15 11:05:26 INFO  LaptopsAndNoteBooksPage :188 - clicking on shopping cart.
2023-05-15 11:05:689 INFO  LaptopsAndNoteBooksPage :193 - Verify text shopping cart 
2023-05-15 11:05:728 INFO  LaptopsAndNoteBooksPage :198 - Verify product name Macbook
2023-05-15 11:05:757 INFO  LaptopsAndNoteBooksPage :203 - change quantity
2023-05-15 11:05:889 INFO  LaptopsAndNoteBooksPage :210 - click on update tab
2023-05-15 11:05:613 INFO  LaptopsAndNoteBooksPage :215 - Verify modified shopping cart
2023-05-15 11:05:653 INFO  LaptopsAndNoteBooksPage :220 - Verify total
2023-05-15 11:05:696 INFO  LaptopsAndNoteBooksPage :225 - clicking on checkout button.
2023-05-15 11:05:180 INFO  LaptopsAndNoteBooksPage :230 - Verify the text checkout
2023-05-15 11:05:222 INFO  LaptopsAndNoteBooksPage :235 - Verify the text Newcustomer
2023-05-15 11:05:255 INFO  LaptopsAndNoteBooksPage :240 - clicking on guest checkout radiobutton.
2023-05-15 11:05:339 INFO  LaptopsAndNoteBooksPage :245 - clicking on continue tab.
2023-05-15 11:05:757 INFO  LaptopsAndNoteBooksPage :250 - Enter fNameJohnto firstName [[ChromeDriver: chrome on WINDOWS (27bd1830cd97127daf000a90376a608a)] -> id: input-payment-firstname]
2023-05-15 11:05:884 INFO  LaptopsAndNoteBooksPage :255 - Enter lName Smithto lastName  [[ChromeDriver: chrome on WINDOWS (27bd1830cd97127daf000a90376a608a)] -> id: input-payment-lastname]
2023-05-15 11:05:21 INFO  LaptopsAndNoteBooksPage :260 - Enter emailId john123@gmail.comto email [[ChromeDriver: chrome on WINDOWS (27bd1830cd97127daf000a90376a608a)] -> id: input-payment-email]
2023-05-15 11:05:138 INFO  LaptopsAndNoteBooksPage :265 - Enter number 056981239to telephone[[ChromeDriver: chrome on WINDOWS (27bd1830cd97127daf000a90376a608a)] -> id: input-payment-telephone]
2023-05-15 11:05:204 INFO  LaptopsAndNoteBooksPage :270 - Enter add CrossWayto address [[ChromeDriver: chrome on WINDOWS (27bd1830cd97127daf000a90376a608a)] -> id: input-payment-address-1]
2023-05-15 11:05:272 INFO  LaptopsAndNoteBooksPage :270 - Enter add CrossWayto address [[ChromeDriver: chrome on WINDOWS (27bd1830cd97127daf000a90376a608a)] -> id: input-payment-address-1]
2023-05-15 11:05:321 INFO  LaptopsAndNoteBooksPage :275 - Enter cityName Sloughto city [[ChromeDriver: chrome on WINDOWS (27bd1830cd97127daf000a90376a608a)] -> id: input-payment-city]
2023-05-15 11:05:388 INFO  LaptopsAndNoteBooksPage :280 - Enter postalCode363641to postcode[[ChromeDriver: chrome on WINDOWS (27bd1830cd97127daf000a90376a608a)] -> id: input-payment-postcode]
2023-05-15 11:05:446 INFO  LaptopsAndNoteBooksPage :285 - select country from dropdown
2023-05-15 11:05:516 INFO  LaptopsAndNoteBooksPage :290 - select region from dropdown
2023-05-15 11:05:594 INFO  LaptopsAndNoteBooksPage :295 - clicking on continue button.
2023-05-15 11:05:643 INFO  LaptopsAndNoteBooksPage :300 - Add Comments About your order into text area
2023-05-15 11:05:348 INFO  LaptopsAndNoteBooksPage :305 - clicking on Terms & Conditions check box.
2023-05-15 11:05:468 INFO  LaptopsAndNoteBooksPage :310 - clicking On Continue button.
2023-05-15 11:05:594 INFO  LaptopsAndNoteBooksPage :315 - verify Message Payment Method Required
2023-05-15 11:05:645 INFO  LoginPage :54 - Selecting my account optionsLogin
2023-05-15 11:05:219 INFO  LoginPage :96 - Enter emailIdmagnussmith123@gmail.comto email[[ChromeDriver: chrome on WINDOWS (45f615f8646472ebacc8288fc53bb575)] -> id: input-email]
2023-05-15 11:05:330 INFO  LoginPage :101 - Enter  passwordFieldsmith123456to password[[ChromeDriver: chrome on WINDOWS (45f615f8646472ebacc8288fc53bb575)] -> id: input-password]
2023-05-15 11:05:410 INFO  LoginPage :71 - Clicking on login button.
2023-05-15 11:05:90 INFO  LoginPage :76 - Getting text My account
2023-05-15 11:05:129 INFO  LoginPage :54 - Selecting my account optionsLogout
2023-05-15 11:05:873 INFO  LoginPage :86 - Getting the text account logout
2023-05-15 11:05:913 INFO  LoginPage :91 - Clicking on continue link.
2023-05-15 11:05:912 INFO  RegisterPage :89 - Selecting my account optionsRegister
2023-05-15 11:05:745 INFO  RegisterPage :102 - Verifying text register account
2023-05-15 11:05:763 INFO  HomePage :61 - mouse hover on desktoplink and click.
2023-05-15 11:05:944 INFO  HomePage :46 - Selecting a topMenu: Show AllDesktops
2023-05-15 11:05:907 INFO  DesktopsPage :178 - Selection of sort by position Name: Z to A[[ChromeDriver: chrome on WINDOWS (1a64ee846ecd65593c0f17f614cea6ff)] -> id: input-sort]
2023-05-15 11:05:375 INFO  DesktopsPage :168 - click on product HPLP3065
2023-05-15 11:05:509 INFO  DesktopsPage :162 - get Text HPLP3065
2023-05-15 11:05:543 INFO  DesktopsPage :136 - select date from Calender
2023-05-15 11:05:147 INFO  DesktopsPage :126 -  enter Quantity[[ChromeDriver: chrome on WINDOWS (1a64ee846ecd65593c0f17f614cea6ff)] -> xpath: //input[@id='input-quantity']]
2023-05-15 11:05:220 INFO  DesktopsPage :131 - clicking on add to cart.
2023-05-15 11:05:292 INFO  DesktopsPage :121 - getting shopping cart text
2023-05-15 11:05:675 INFO  DesktopsPage :115 - click on shopping cart
2023-05-15 11:05:414 INFO  DesktopsPage :90 - get shopping cart text
2023-05-15 11:05:449 INFO  DesktopsPage :95 - get product name HPLP3065Text
2023-05-15 11:05:474 INFO  DesktopsPage :100 - verify delivery date
2023-05-15 11:05:498 INFO  DesktopsPage :110 - Verify total
2023-05-15 11:05:525 INFO  DesktopsPage :105 - verify model product21
2023-05-15 11:05:386 INFO  HomePage :61 - mouse hover on desktoplink and click.
2023-05-15 11:05:556 INFO  HomePage :46 - Selecting a topMenu: Show AllDesktops
2023-05-15 11:05:825 INFO  HomePage :66 - Getting text from: [[ChromeDriver: chrome on WINDOWS (6fdcf0937153cac8466c973fc33a1709)] -> xpath: //h2[contains(text(),'Desktops')]]
2023-05-15 11:05:506 INFO  HomePage :71 - mouse hover on laptopsAndNotebooksLink and click.
2023-05-15 11:05:676 INFO  LaptopsAndNoteBooksPage :129 - click on show all laptops and notebooks
2023-05-15 11:05:332 INFO  LaptopsAndNoteBooksPage :134 - select sort by high to low
2023-05-15 11:05:800 INFO  LaptopsAndNoteBooksPage :139 - Verify the Product price will arrange in High to Low order before sorting
2023-05-15 11:05:926 INFO  LaptopsAndNoteBooksPage :155 - Verify the Product price will arrange in High to Low order after sorting
2023-05-15 11:05:786 INFO  LoginPage :54 - Selecting my account optionsLogin
2023-05-15 11:05:342 INFO  LoginPage :66 - Getting text Returning Customer” 
2023-05-15 11:05:132 INFO  RegisterPage :89 - Selecting my account optionsRegister
2023-05-15 11:05:918 INFO  RegisterPage :117 - Enter emailId
2023-05-15 11:05:91 INFO  RegisterPage :107 - Enter fNameMagnusto firstName [[ChromeDriver: chrome on WINDOWS (28bf5bff49901808d17691d76ba2f7cc)] -> id: input-firstname]
2023-05-15 11:05:188 INFO  RegisterPage :112 - Enter lName Smithto lastName  [[ChromeDriver: chrome on WINDOWS (28bf5bff49901808d17691d76ba2f7cc)] -> id: input-lastname]
2023-05-15 11:05:257 INFO  RegisterPage :127 - Enter telNum0782565511to telephone[[ChromeDriver: chrome on WINDOWS (28bf5bff49901808d17691d76ba2f7cc)] -> xpath: //input[@id='input-telephone']]
2023-05-15 11:05:331 INFO  RegisterPage :132 - Enter passWord smith123456to Password[[ChromeDriver: chrome on WINDOWS (28bf5bff49901808d17691d76ba2f7cc)] -> id: input-password]
2023-05-15 11:05:407 INFO  RegisterPage :137 - Enter confirmPassword smith123456to confirmPassword[[ChromeDriver: chrome on WINDOWS (28bf5bff49901808d17691d76ba2f7cc)] -> id: input-confirm]
2023-05-15 11:05:463 INFO  RegisterPage :142 - clicking on radiobutton.
2023-05-15 11:05:529 INFO  RegisterPage :147 - Clicking on privacy policy checkbox.
2023-05-15 11:05:598 INFO  RegisterPage :152 - Clicking on continue button.
2023-05-15 11:05:306 INFO  RegisterPage :157 - Verifying message account created
2023-05-15 11:05:347 INFO  RegisterPage :162 - Clicking on continue tab
2023-05-15 11:05:749 INFO  RegisterPage :89 - Selecting my account optionsLogout
2023-05-15 11:05:529 INFO  RegisterPage :172 - Verify the text account logout
2023-05-15 11:05:561 INFO  RegisterPage :177 - Clicking on continue.
2023-05-15 11:05:582 INFO  HomePage :61 - mouse hover on desktoplink and click.
2023-05-15 11:05:762 INFO  HomePage :46 - Selecting a topMenu: Show AllDesktops
2023-05-15 11:05:843 INFO  DesktopsPage :178 - Selection of sort by position Name: Z to A[[ChromeDriver: chrome on WINDOWS (c8cc77a3a8fc8d315b6e887c2e36dba1)] -> id: input-sort]
2023-05-15 11:05:394 INFO  DesktopsPage :183 - Displaying products in descending order
2023-05-15 11:05:606 INFO  HomePage :61 - mouse hover on desktoplink and click.
2023-05-15 11:05:780 INFO  HomePage :46 - Selecting a topMenu: Show AllDesktops
2023-05-15 11:05:825 INFO  DesktopsPage :178 - Selection of sort by position Name: Z to A[[ChromeDriver: chrome on WINDOWS (054040f76ba441c0af07089e345e62a3)] -> id: input-sort]
2023-05-15 11:05:332 INFO  DesktopsPage :168 - click on product HPLP3065
2023-05-15 11:05:572 INFO  DesktopsPage :162 - get Text HPLP3065
2023-05-15 11:05:600 INFO  DesktopsPage :136 - select date from Calender
2023-05-15 11:05:559 INFO  DesktopsPage :126 -  enter Quantity[[ChromeDriver: chrome on WINDOWS (054040f76ba441c0af07089e345e62a3)] -> xpath: //input[@id='input-quantity']]
2023-05-15 11:05:639 INFO  DesktopsPage :131 - clicking on add to cart.
2023-05-15 11:05:716 INFO  DesktopsPage :121 - getting shopping cart text
2023-05-15 11:05:35 INFO  DesktopsPage :115 - click on shopping cart
2023-05-15 11:05:660 INFO  DesktopsPage :90 - get shopping cart text
2023-05-15 11:05:696 INFO  DesktopsPage :95 - get product name HPLP3065Text
2023-05-15 11:05:726 INFO  DesktopsPage :100 - verify delivery date
2023-05-15 11:05:753 INFO  DesktopsPage :110 - Verify total
2023-05-15 11:05:779 INFO  DesktopsPage :105 - verify model product21
2023-05-15 11:05:107 INFO  HomePage :61 - mouse hover on desktoplink and click.
2023-05-15 11:05:269 INFO  HomePage :46 - Selecting a topMenu: Show AllDesktops
2023-05-15 11:05:397 INFO  HomePage :66 - Getting text from: [[ChromeDriver: chrome on WINDOWS (f5d1fe9d446930f6147807bf9250283c)] -> xpath: //h2[contains(text(),'Desktops')]]
2023-05-15 11:05:581 INFO  HomePage :71 - mouse hover on laptopsAndNotebooksLink and click.
2023-05-15 11:05:740 INFO  HomePage :46 - Selecting a topMenu: Show AllLaptops & Notebooks
2023-05-15 11:05:500 INFO  HomePage :76 - Getting text from: [[ChromeDriver: chrome on WINDOWS (0be15780d01d687406db91eeff7962d9)] -> xpath: //h2[contains(text(),'Laptops & Notebooks')]]
2023-05-15 11:05:556 INFO  HomePage :81 - mouse hover on componentsLink and click.
2023-05-15 11:05:717 INFO  HomePage :46 - Selecting a topMenu: Show AllComponents
2023-05-15 11:05:461 INFO  HomePage :86 - Getting text from: [[ChromeDriver: chrome on WINDOWS (0917d8aa9acef9e253628196016c9f64)] -> xpath: //h2[contains(text(),'Components')]]
2023-05-15 11:05:308 INFO  HomePage :71 - mouse hover on laptopsAndNotebooksLink and click.
2023-05-15 11:05:468 INFO  LaptopsAndNoteBooksPage :129 - click on show all laptops and notebooks
2023-05-15 11:05:182 INFO  LaptopsAndNoteBooksPage :134 - select sort by high to low
2023-05-15 11:05:667 INFO  LaptopsAndNoteBooksPage :139 - Verify the Product price will arrange in High to Low order before sorting
2023-05-15 11:05:813 INFO  LaptopsAndNoteBooksPage :155 - Verify the Product price will arrange in High to Low order after sorting
2023-05-15 11:05:574 INFO  HomePage :71 - mouse hover on laptopsAndNotebooksLink and click.
2023-05-15 11:05:738 INFO  LaptopsAndNoteBooksPage :129 - click on show all laptops and notebooks
2023-05-15 11:05:203 INFO  LaptopsAndNoteBooksPage :134 - select sort by high to low
2023-05-15 11:05:707 INFO  LaptopsAndNoteBooksPage :168 - clicking on Macbook.
2023-05-15 11:05:203 INFO  LaptopsAndNoteBooksPage :173 - verify text Macbook
2023-05-15 11:05:238 INFO  LaptopsAndNoteBooksPage :178 - clicking on add to cart.
2023-05-15 11:05:295 INFO  LaptopsAndNoteBooksPage :183 - get added Macbook text
2023-05-15 11:05:576 INFO  LaptopsAndNoteBooksPage :188 - clicking on shopping cart.
2023-05-15 11:05:216 INFO  LaptopsAndNoteBooksPage :193 - Verify text shopping cart 
2023-05-15 11:05:258 INFO  LaptopsAndNoteBooksPage :198 - Verify product name Macbook
2023-05-15 11:05:287 INFO  LaptopsAndNoteBooksPage :203 - change quantity
2023-05-15 11:05:410 INFO  LaptopsAndNoteBooksPage :210 - click on update tab
2023-05-15 11:05:110 INFO  LaptopsAndNoteBooksPage :215 - Verify modified shopping cart
2023-05-15 11:05:142 INFO  LaptopsAndNoteBooksPage :220 - Verify total
2023-05-15 11:05:166 INFO  LaptopsAndNoteBooksPage :225 - clicking on checkout button.
2023-05-15 11:05:598 INFO  LaptopsAndNoteBooksPage :230 - Verify the text checkout
2023-05-15 11:05:637 INFO  LaptopsAndNoteBooksPage :235 - Verify the text Newcustomer
2023-05-15 11:05:672 INFO  LaptopsAndNoteBooksPage :240 - clicking on guest checkout radiobutton.
2023-05-15 11:05:740 INFO  LaptopsAndNoteBooksPage :245 - clicking on continue tab.
2023-05-15 11:05:114 INFO  LaptopsAndNoteBooksPage :250 - Enter fNameJohnto firstName [[ChromeDriver: chrome on WINDOWS (7808f1c083ccb8cf690dfdb18c1fcccb)] -> id: input-payment-firstname]
2023-05-15 11:05:243 INFO  LaptopsAndNoteBooksPage :255 - Enter lName Smithto lastName  [[ChromeDriver: chrome on WINDOWS (7808f1c083ccb8cf690dfdb18c1fcccb)] -> id: input-payment-lastname]
2023-05-15 11:05:337 INFO  LaptopsAndNoteBooksPage :260 - Enter emailId john123@gmail.comto email [[ChromeDriver: chrome on WINDOWS (7808f1c083ccb8cf690dfdb18c1fcccb)] -> id: input-payment-email]
2023-05-15 11:05:471 INFO  LaptopsAndNoteBooksPage :265 - Enter number 056981239to telephone[[ChromeDriver: chrome on WINDOWS (7808f1c083ccb8cf690dfdb18c1fcccb)] -> id: input-payment-telephone]
2023-05-15 11:05:544 INFO  LaptopsAndNoteBooksPage :270 - Enter add CrossWayto address [[ChromeDriver: chrome on WINDOWS (7808f1c083ccb8cf690dfdb18c1fcccb)] -> id: input-payment-address-1]
2023-05-15 11:05:612 INFO  LaptopsAndNoteBooksPage :270 - Enter add CrossWayto address [[ChromeDriver: chrome on WINDOWS (7808f1c083ccb8cf690dfdb18c1fcccb)] -> id: input-payment-address-1]
2023-05-15 11:05:665 INFO  LaptopsAndNoteBooksPage :275 - Enter cityName Sloughto city [[ChromeDriver: chrome on WINDOWS (7808f1c083ccb8cf690dfdb18c1fcccb)] -> id: input-payment-city]
2023-05-15 11:05:739 INFO  LaptopsAndNoteBooksPage :280 - Enter postalCode363641to postcode[[ChromeDriver: chrome on WINDOWS (7808f1c083ccb8cf690dfdb18c1fcccb)] -> id: input-payment-postcode]
2023-05-15 11:05:808 INFO  LaptopsAndNoteBooksPage :285 - select country from dropdown
2023-05-15 11:05:888 INFO  LaptopsAndNoteBooksPage :290 - select region from dropdown
2023-05-15 11:05:992 INFO  LaptopsAndNoteBooksPage :295 - clicking on continue button.
2023-05-15 11:05:60 INFO  LaptopsAndNoteBooksPage :300 - Add Comments About your order into text area
2023-05-15 11:05:768 INFO  LaptopsAndNoteBooksPage :305 - clicking on Terms & Conditions check box.
2023-05-15 11:05:27 INFO  LoginPage :54 - Selecting my account optionsLogin
2023-05-15 11:05:582 INFO  LoginPage :66 - Getting text Returning Customer” 
2023-05-15 11:05:311 INFO  LoginPage :54 - Selecting my account optionsLogin
2023-05-15 11:05:861 INFO  LoginPage :96 - Enter emailIdmagnussmith123@gmail.comto email[[ChromeDriver: chrome on WINDOWS (0bc0627994eb4342af527088982c4776)] -> id: input-email]
2023-05-15 11:05:965 INFO  LoginPage :101 - Enter  passwordFieldsmith123456to password[[ChromeDriver: chrome on WINDOWS (0bc0627994eb4342af527088982c4776)] -> id: input-password]
2023-05-15 11:05:30 INFO  LoginPage :71 - Clicking on login button.
2023-05-15 11:05:721 INFO  LoginPage :76 - Getting text My account
2023-05-15 11:05:762 INFO  LoginPage :54 - Selecting my account optionsLogout
2023-05-15 11:05:524 INFO  LoginPage :86 - Getting the text account logout
2023-05-15 11:05:561 INFO  LoginPage :91 - Clicking on continue link.
2023-05-15 11:05:604 INFO  RegisterPage :89 - Selecting my account optionsRegister
2023-05-15 11:05:379 INFO  RegisterPage :102 - Verifying text register account
2023-05-15 11:05:182 INFO  RegisterPage :89 - Selecting my account optionsRegister
2023-05-15 11:05:972 INFO  RegisterPage :117 - Enter emailId
2023-05-15 11:05:131 INFO  RegisterPage :107 - Enter fNameMagnusto firstName [[ChromeDriver: chrome on WINDOWS (b0daae5b4894265e1e4e0e0434ff786c)] -> id: input-firstname]
2023-05-15 11:05:213 INFO  RegisterPage :112 - Enter lName Smithto lastName  [[ChromeDriver: chrome on WINDOWS (b0daae5b4894265e1e4e0e0434ff786c)] -> id: input-lastname]
2023-05-15 11:05:298 INFO  RegisterPage :127 - Enter telNum0782565511to telephone[[ChromeDriver: chrome on WINDOWS (b0daae5b4894265e1e4e0e0434ff786c)] -> xpath: //input[@id='input-telephone']]
2023-05-15 11:05:376 INFO  RegisterPage :132 - Enter passWord smith123456to Password[[ChromeDriver: chrome on WINDOWS (b0daae5b4894265e1e4e0e0434ff786c)] -> id: input-password]
2023-05-15 11:05:454 INFO  RegisterPage :137 - Enter confirmPassword smith123456to confirmPassword[[ChromeDriver: chrome on WINDOWS (b0daae5b4894265e1e4e0e0434ff786c)] -> id: input-confirm]
2023-05-15 11:05:517 INFO  RegisterPage :142 - clicking on radiobutton.
2023-05-15 11:05:582 INFO  RegisterPage :147 - Clicking on privacy policy checkbox.
2023-05-15 11:05:649 INFO  RegisterPage :152 - Clicking on continue button.
2023-05-15 11:05:374 INFO  RegisterPage :157 - Verifying message account created
2023-05-15 11:05:414 INFO  RegisterPage :162 - Clicking on continue tab
2023-05-15 11:05:831 INFO  RegisterPage :89 - Selecting my account optionsLogout
2023-05-15 11:05:605 INFO  RegisterPage :172 - Verify the text account logout
2023-05-15 11:05:634 INFO  RegisterPage :177 - Clicking on continue.
2023-05-15 11:05:683 INFO  HomePage :61 - mouse hover on desktoplink and click.
2023-05-15 11:05:876 INFO  HomePage :46 - Selecting a topMenu: Show AllDesktops
2023-05-15 11:05:891 INFO  DesktopsPage :178 - Selection of sort by position Name: Z to A[[ChromeDriver: chrome on WINDOWS (b46d5c030fd70beb2292d506ea9ab55a)] -> id: input-sort]
2023-05-15 11:05:409 INFO  DesktopsPage :183 - Displaying products in descending order
2023-05-15 11:05:516 INFO  HomePage :71 - mouse hover on laptopsAndNotebooksLink and click.
2023-05-15 11:05:680 INFO  HomePage :46 - Selecting a topMenu: Show AllLaptops & Notebooks
2023-05-15 11:05:424 INFO  HomePage :76 - Getting text from: [[ChromeDriver: chrome on WINDOWS (befd1d9bc6908718269c0590d99a8f57)] -> xpath: //h2[contains(text(),'Laptops & Notebooks')]]
2023-05-15 11:05:76 INFO  HomePage :71 - mouse hover on laptopsAndNotebooksLink and click.
2023-05-15 11:05:252 INFO  LaptopsAndNoteBooksPage :129 - click on show all laptops and notebooks
2023-05-15 11:05:929 INFO  LaptopsAndNoteBooksPage :134 - select sort by high to low
2023-05-15 11:05:408 INFO  LaptopsAndNoteBooksPage :168 - clicking on Macbook.
2023-05-15 11:05:648 INFO  LaptopsAndNoteBooksPage :173 - verify text Macbook
2023-05-15 11:05:689 INFO  LaptopsAndNoteBooksPage :178 - clicking on add to cart.
2023-05-15 11:05:752 INFO  LaptopsAndNoteBooksPage :183 - get added Macbook text
2023-05-15 11:05:75 INFO  LaptopsAndNoteBooksPage :188 - clicking on shopping cart.
2023-05-15 11:05:719 INFO  LaptopsAndNoteBooksPage :193 - Verify text shopping cart 
2023-05-15 11:05:759 INFO  LaptopsAndNoteBooksPage :198 - Verify product name Macbook
2023-05-15 11:05:788 INFO  LaptopsAndNoteBooksPage :203 - change quantity
2023-05-15 11:05:916 INFO  LaptopsAndNoteBooksPage :210 - click on update tab
2023-05-15 11:05:605 INFO  LaptopsAndNoteBooksPage :215 - Verify modified shopping cart
2023-05-15 11:05:646 INFO  LaptopsAndNoteBooksPage :220 - Verify total
2023-05-15 11:05:681 INFO  LaptopsAndNoteBooksPage :225 - clicking on checkout button.
2023-05-15 11:05:122 INFO  LaptopsAndNoteBooksPage :230 - Verify the text checkout
2023-05-15 11:05:164 INFO  LaptopsAndNoteBooksPage :235 - Verify the text Newcustomer
2023-05-15 11:05:192 INFO  LaptopsAndNoteBooksPage :240 - clicking on guest checkout radiobutton.
2023-05-15 11:05:255 INFO  LaptopsAndNoteBooksPage :245 - clicking on continue tab.
2023-05-15 11:05:651 INFO  LaptopsAndNoteBooksPage :250 - Enter fNameJohnto firstName [[ChromeDriver: chrome on WINDOWS (6016e20cdbafa09a3ae9d7de2cb99721)] -> id: input-payment-firstname]
2023-05-15 11:05:767 INFO  LaptopsAndNoteBooksPage :255 - Enter lName Smithto lastName  [[ChromeDriver: chrome on WINDOWS (6016e20cdbafa09a3ae9d7de2cb99721)] -> id: input-payment-lastname]
2023-05-15 11:05:865 INFO  LaptopsAndNoteBooksPage :260 - Enter emailId john123@gmail.comto email [[ChromeDriver: chrome on WINDOWS (6016e20cdbafa09a3ae9d7de2cb99721)] -> id: input-payment-email]
2023-05-15 11:05:993 INFO  LaptopsAndNoteBooksPage :265 - Enter number 056981239to telephone[[ChromeDriver: chrome on WINDOWS (6016e20cdbafa09a3ae9d7de2cb99721)] -> id: input-payment-telephone]
2023-05-15 11:05:64 INFO  LaptopsAndNoteBooksPage :270 - Enter add CrossWayto address [[ChromeDriver: chrome on WINDOWS (6016e20cdbafa09a3ae9d7de2cb99721)] -> id: input-payment-address-1]
2023-05-15 11:05:134 INFO  LaptopsAndNoteBooksPage :270 - Enter add CrossWayto address [[ChromeDriver: chrome on WINDOWS (6016e20cdbafa09a3ae9d7de2cb99721)] -> id: input-payment-address-1]
2023-05-15 11:05:179 INFO  LaptopsAndNoteBooksPage :275 - Enter cityName Sloughto city [[ChromeDriver: chrome on WINDOWS (6016e20cdbafa09a3ae9d7de2cb99721)] -> id: input-payment-city]
2023-05-15 11:05:249 INFO  LaptopsAndNoteBooksPage :280 - Enter postalCode363641to postcode[[ChromeDriver: chrome on WINDOWS (6016e20cdbafa09a3ae9d7de2cb99721)] -> id: input-payment-postcode]
2023-05-15 11:05:301 INFO  LaptopsAndNoteBooksPage :285 - select country from dropdown
2023-05-15 11:05:375 INFO  LaptopsAndNoteBooksPage :290 - select region from dropdown
2023-05-15 11:05:460 INFO  LaptopsAndNoteBooksPage :295 - clicking on continue button.
2023-05-15 11:05:520 INFO  LaptopsAndNoteBooksPage :300 - Add Comments About your order into text area
2023-05-15 11:05:411 INFO  LaptopsAndNoteBooksPage :305 - clicking on Terms & Conditions check box.
2023-05-15 11:05:511 INFO  LaptopsAndNoteBooksPage :310 - clicking On Continue button.
2023-05-15 11:05:582 INFO  LaptopsAndNoteBooksPage :315 - verify Message Payment Method Required
2023-05-15 11:05:771 INFO  LoginPage :54 - Selecting my account optionsLogin
2023-05-15 11:05:340 INFO  LoginPage :96 - Enter emailIdmagnussmith123@gmail.comto email[[ChromeDriver: chrome on WINDOWS (f4193dbdc52a09b143832aa67ae9f4d2)] -> id: input-email]
2023-05-15 11:05:448 INFO  LoginPage :101 - Enter  passwordFieldsmith123456to password[[ChromeDriver: chrome on WINDOWS (f4193dbdc52a09b143832aa67ae9f4d2)] -> id: input-password]
2023-05-15 11:05:526 INFO  LoginPage :71 - Clicking on login button.
2023-05-15 11:05:204 INFO  LoginPage :76 - Getting text My account
2023-05-15 11:05:246 INFO  LoginPage :54 - Selecting my account optionsLogout
2023-05-15 11:05:37 INFO  LoginPage :86 - Getting the text account logout
2023-05-15 11:05:69 INFO  LoginPage :91 - Clicking on continue link.
2023-05-15 11:05:182 INFO  RegisterPage :89 - Selecting my account optionsRegister
2023-05-15 11:05:60 INFO  RegisterPage :102 - Verifying text register account
